Log file open, 11/20/19 19:55:33
LogWindows: Failed to load 'aqProf.dll' (GetLastError=126)
LogWindows: File 'aqProf.dll' does not exist
LogWindows: Failed to load 'VtuneApi.dll' (GetLastError=126)
LogWindows: File 'VtuneApi.dll' does not exist
LogWindows: Failed to load 'VtuneApi32e.dll' (GetLastError=126)
LogWindows: File 'VtuneApi32e.dll' does not exist
LogConsoleResponse: Display: Failed to find resolution value strings in scalability ini. Falling back to default.
LogInit: Display: Running engine for game: throwback
LogPlatformFile: Not using cached read wrapper
LogTaskGraph: Started task graph with 5 named threads and 23 total threads with 3 sets of task threads.
LogStats: Stats thread started at 2.524100
LogD3D11RHI: Loaded GFSDK_Aftermath_Lib.x64.dll
LogICUInternationalization: ICU TimeZone Detection - Raw Offset: -5:00, Platform Override: ''
LogPluginManager: Mounting plugin Paper2D
LogPluginManager: Mounting plugin AISupport
LogPluginManager: Mounting plugin LightPropagationVolume
LogPluginManager: Mounting plugin ActorLayerUtilities
LogPluginManager: Mounting plugin AnimationSharing
LogPluginManager: Mounting plugin CLionSourceCodeAccess
LogPluginManager: Mounting plugin CodeLiteSourceCodeAccess
LogPluginManager: Mounting plugin GitSourceControl
LogPluginManager: Mounting plugin KDevelopSourceCodeAccess
LogPluginManager: Mounting plugin NullSourceCodeAccess
LogPluginManager: Mounting plugin PerforceSourceControl
LogPluginManager: Mounting plugin SubversionSourceControl
LogPluginManager: Mounting plugin UObjectPlugin
LogPluginManager: Mounting plugin VisualStudioCodeSourceCodeAccess
LogPluginManager: Mounting plugin VisualStudioSourceCodeAccess
LogPluginManager: Mounting plugin XCodeSourceCodeAccess
LogPluginManager: Mounting plugin AssetManagerEditor
LogPluginManager: Mounting plugin CryptoKeys
LogPluginManager: Mounting plugin CurveEditorTools
LogPluginManager: Mounting plugin DataValidation
LogPluginManager: Mounting plugin FacialAnimation
LogPluginManager: Mounting plugin GameplayTagsEditor
LogPluginManager: Mounting plugin MacGraphicsSwitching
LogPluginManager: Mounting plugin MaterialAnalyzer
LogPluginManager: Mounting plugin MobileLauncherProfileWizard
LogPluginManager: Mounting plugin PluginBrowser
LogPluginManager: Mounting plugin SpeedTreeImporter
LogPluginManager: Mounting plugin DatasmithContent
LogPluginManager: Mounting plugin VariantManagerContent
LogPluginManager: Mounting plugin AlembicImporter
LogPluginManager: Mounting plugin AutomationUtils
LogPluginManager: Mounting plugin BackChannel
LogPluginManager: Mounting plugin CharacterAI
LogPluginManager: Mounting plugin GeometryCache
LogPluginManager: Mounting plugin HTML5Networking
LogPluginManager: Mounting plugin PlatformCrypto
LogPluginManager: Mounting plugin ProxyLODPlugin
LogPluginManager: Mounting plugin SkeletalReduction
LogPluginManager: Mounting plugin MagicLeap
LogPluginManager: Mounting plugin MagicLeapMedia
LogPluginManager: Mounting plugin AndroidMedia
LogPluginManager: Mounting plugin AvfMedia
LogPluginManager: Mounting plugin ImgMedia
LogPluginManager: Mounting plugin MediaCompositing
LogPluginManager: Mounting plugin MediaPlayerEditor
LogPluginManager: Mounting plugin WebMMedia
LogPluginManager: Mounting plugin WmfMedia
LogPluginManager: Mounting plugin TcpMessaging
LogPluginManager: Mounting plugin UdpMessaging
LogPluginManager: Mounting plugin ActorSequence
LogPluginManager: Mounting plugin LevelSequenceEditor
LogPluginManager: Mounting plugin MatineeToLevelSequence
LogPluginManager: Mounting plugin NetcodeUnitTest
LogPluginManager: Mounting plugin NUTUnrealEngine4
LogPluginManager: Mounting plugin OnlineSubsystemGooglePlay
LogPluginManager: Mounting plugin OnlineSubsystemIOS
LogPluginManager: Mounting plugin OnlineSubsystem
LogPluginManager: Mounting plugin OnlineSubsystemNull
LogPluginManager: Mounting plugin OnlineSubsystemUtils
LogPluginManager: Mounting plugin LauncherChunkInstaller
LogPluginManager: Mounting plugin AndroidDeviceProfileSelector
LogPluginManager: Mounting plugin AndroidMoviePlayer
LogPluginManager: Mounting plugin AndroidPermission
LogPluginManager: Mounting plugin AppleImageUtils
LogPluginManager: Mounting plugin AppleMoviePlayer
LogPluginManager: Mounting plugin ArchVisCharacter
LogPluginManager: Mounting plugin AudioCapture
LogPluginManager: Mounting plugin CableComponent
LogPluginManager: Mounting plugin CustomMeshComponent
LogPluginManager: Mounting plugin EditableMesh
LogPluginManager: Mounting plugin ExampleDeviceProfileSelector
LogPluginManager: Mounting plugin GoogleCloudMessaging
LogPluginManager: Mounting plugin IOSDeviceProfileSelector
LogPluginManager: Mounting plugin LinuxDeviceProfileSelector
LogPluginManager: Mounting plugin LocationServicesBPLibrary
LogPluginManager: Mounting plugin MobilePatchingUtils
LogPluginManager: Mounting plugin OculusVR
LogPluginManager: Mounting plugin PhysXVehicles
LogPluginManager: Mounting plugin ProceduralMeshComponent
LogPluginManager: Mounting plugin RuntimePhysXCooking
LogPluginManager: Mounting plugin SignificanceManager
LogPluginManager: Mounting plugin SteamVR
LogPluginManager: Mounting plugin WebMMoviePlayer
LogPluginManager: Mounting plugin WindowsMoviePlayer
LogPluginManager: Mounting plugin ScreenshotTools
LogInit: Using libcurl 7.55.1-DEV
LogInit:  - built for x86_64-pc-win32
LogInit:  - supports SSL with OpenSSL/1.1.1
LogInit:  - supports HTTP deflate (compression) using libz 1.2.8
LogInit:  - other features:
LogInit:      CURL_VERSION_SSL
LogInit:      CURL_VERSION_LIBZ
LogInit:      CURL_VERSION_IPV6
LogInit:      CURL_VERSION_ASYNCHDNS
LogInit:      CURL_VERSION_LARGEFILE
LogInit:      CURL_VERSION_IDN
LogInit:  CurlRequestOptions (configurable via config and command line):
LogInit:  - bVerifyPeer = true  - Libcurl will verify peer certificate
LogInit:  - bUseHttpProxy = false  - Libcurl will NOT use HTTP proxy
LogInit:  - bDontReuseConnections = false  - Libcurl will reuse connections
LogInit:  - MaxHostConnections = 16  - Libcurl will limit the number of connections to a host
LogInit:  - LocalHostAddr = Default
LogInit:  - BufferSize = 65536
LogOnline: OSS: Creating online subsystem instance for: NULL
LogInit: WinSock: version 1.1 (2.2), MaxSocks=32767, MaxUdp=65467
LogInit: Build: ++UE4+Release-4.23-CL-8386587
LogInit: Engine Version: 4.23.0-8386587+++UE4+Release-4.23
LogInit: Compatible Engine Version: 4.23.0-8386587+++UE4+Release-4.23
LogInit: Net CL: 8386587
LogInit: OS: Windows 10 (Release 1903) (), CPU: Intel(R) Core(TM) i7-6700 CPU @ 3.40GHz, GPU: NVIDIA GeForce GTX 1060 3GB
LogInit: Compiled (64-bit): Aug 31 2019 02:04:44
LogInit: Compiled with Visual C++: 19.16.27030.01
LogInit: Build Configuration: Development
LogInit: Branch Name: ++UE4+Release-4.23
LogInit: Command Line: 
LogInit: Base Directory: D:/UNREAL/UE_4.23/Engine/Binaries/Win64/
LogInit: Installed Engine Build: 1
LogDevObjectVersion: Number of dev versions registered: 23
LogDevObjectVersion:   Dev-Blueprints (B0D832E4-1F89-4F0D-ACCF-7EB736FD4AA2): 10
LogDevObjectVersion:   Dev-Build (E1C64328-A22C-4D53-A36C-8E866417BD8C): 0
LogDevObjectVersion:   Dev-Core (375EC13C-06E4-48FB-B500-84F0262A717E): 3
LogDevObjectVersion:   Dev-Editor (E4B068ED-F494-42E9-A231-DA0B2E46BB41): 34
LogDevObjectVersion:   Dev-Framework (CFFC743F-43B0-4480-9391-14DF171D2073): 35
LogDevObjectVersion:   Dev-Mobile (B02B49B5-BB20-44E9-A304-32B752E40360): 2
LogDevObjectVersion:   Dev-Networking (A4E4105C-59A1-49B5-A7C5-40C4547EDFEE): 0
LogDevObjectVersion:   Dev-Online (39C831C9-5AE6-47DC-9A44-9C173E1C8E7C): 0
LogDevObjectVersion:   Dev-Physics (78F01B33-EBEA-4F98-B9B4-84EACCB95AA2): 0
LogDevObjectVersion:   Dev-Platform (6631380F-2D4D-43E0-8009-CF276956A95A): 0
LogDevObjectVersion:   Dev-Rendering (12F88B9F-8875-4AFC-A67C-D90C383ABD29): 31
LogDevObjectVersion:   Dev-Sequencer (7B5AE74C-D270-4C10-A958-57980B212A5A): 11
LogDevObjectVersion:   Dev-VR (D7296918-1DD6-4BDD-9DE2-64A83CC13884): 2
LogDevObjectVersion:   Dev-LoadTimes (C2A15278-BFE7-4AFE-6C17-90FF531DF755): 1
LogDevObjectVersion:   Private-Geometry (6EACA3D4-40EC-4CC1-B786-8BED09428FC5): 3
LogDevObjectVersion:   Dev-AnimPhys (29E575DD-E0A3-4627-9D10-D276232CDCEA): 17
LogDevObjectVersion:   Dev-Anim (AF43A65D-7FD3-4947-9873-3E8ED9C1BB05): 2
LogDevObjectVersion:   Dev-ReflectionCapture (6B266CEC-1EC7-4B8F-A30B-E4D90942FC07): 1
LogDevObjectVersion:   Dev-Automation (0DF73D61-A23F-47EA-B727-89E90C41499A): 1
LogDevObjectVersion:   FortniteMain (601D1886-AC64-4F84-AA16-D3DE0DEAC7D6): 27
LogDevObjectVersion:   Dev-Enterprise (9DFFBCD6-494F-0158-E221-12823C92A888): 6
LogDevObjectVersion:   Dev-Niagara (F2AED0AC-9AFE-416F-8664-AA7FFA26D6FC): 1
LogDevObjectVersion:   Dev-Destruction (174F1F0B-B4C6-45A5-B13F-2EE8D0FB917D): 9
LogInit: Presizing for max 16777216 objects, including 0 objects not considered by GC, pre-allocating 0 bytes for permanent pool.
LogInit: Object subsystem initialized
LogConfig: Setting CVar [[con.DebugEarlyDefault:1]]
LogConfig: Setting CVar [[r.setres:1280x720]]
[2019.11.21-00.55.35:039][  0]LogConfig: Setting CVar [[r.VSync:0]]
[2019.11.21-00.55.35:039][  0]LogConfig: Setting CVar [[r.RHICmdBypass:0]]
[2019.11.21-00.55.35:040][  0]LogConfig: Applying CVar settings from Section [/Script/Engine.RendererSettings] File [C:/Users/CORVO/Downloads/gitThrowbackJam/GITJAM/GITJAM/throwback/Saved/Config/Windows/Engine.ini]
[2019.11.21-00.55.35:040][  0]LogConfig: Setting CVar [[r.GPUCrashDebugging:0]]
[2019.11.21-00.55.35:040][  0]LogConfig: Applying CVar settings from Section [/Script/Engine.RendererOverrideSettings] File [C:/Users/CORVO/Downloads/gitThrowbackJam/GITJAM/GITJAM/throwback/Saved/Config/Windows/Engine.ini]
[2019.11.21-00.55.35:040][  0]LogConfig: Applying CVar settings from Section [/Script/Engine.StreamingSettings] File [C:/Users/CORVO/Downloads/gitThrowbackJam/GITJAM/GITJAM/throwback/Saved/Config/Windows/Engine.ini]
[2019.11.21-00.55.35:040][  0]LogConfig: Setting CVar [[s.MinBulkDataSizeForAsyncLoading:131072]]
[2019.11.21-00.55.35:040][  0]LogConfig: Setting CVar [[s.AsyncLoadingThreadEnabled:0]]
[2019.11.21-00.55.35:040][  0]LogConfig: Setting CVar [[s.EventDrivenLoaderEnabled:1]]
[2019.11.21-00.55.35:040][  0]LogConfig: Setting CVar [[s.WarnIfTimeLimitExceeded:0]]
[2019.11.21-00.55.35:040][  0]LogConfig: Setting CVar [[s.TimeLimitExceededMultiplier:1.5]]
[2019.11.21-00.55.35:040][  0]LogConfig: Setting CVar [[s.TimeLimitExceededMinTime:0.005]]
[2019.11.21-00.55.35:040][  0]LogConfig: Setting CVar [[s.UseBackgroundLevelStreaming:1]]
[2019.11.21-00.55.35:040][  0]LogConfig: Setting CVar [[s.PriorityAsyncLoadingExtraTime:15.0]]
[2019.11.21-00.55.35:040][  0]LogConfig: Setting CVar [[s.LevelStreamingActorsUpdateTimeLimit:5.0]]
[2019.11.21-00.55.35:040][  0]LogConfig: Setting CVar [[s.PriorityLevelStreamingActorsUpdateExtraTime:5.0]]
[2019.11.21-00.55.35:040][  0]LogConfig: Setting CVar [[s.LevelStreamingComponentsRegistrationGranularity:10]]
[2019.11.21-00.55.35:040][  0]LogConfig: Setting CVar [[s.UnregisterComponentsTimeLimit:1.0]]
[2019.11.21-00.55.35:040][  0]LogConfig: Setting CVar [[s.LevelStreamingComponentsUnregistrationGranularity:5]]
[2019.11.21-00.55.35:040][  0]LogConfig: Applying CVar settings from Section [/Script/Engine.GarbageCollectionSettings] File [C:/Users/CORVO/Downloads/gitThrowbackJam/GITJAM/GITJAM/throwback/Saved/Config/Windows/Engine.ini]
[2019.11.21-00.55.35:040][  0]LogConfig: Setting CVar [[gc.MaxObjectsNotConsideredByGC:1]]
[2019.11.21-00.55.35:040][  0]LogConfig: Setting CVar [[gc.SizeOfPermanentObjectPool:0]]
[2019.11.21-00.55.35:040][  0]LogConfig: Setting CVar [[gc.FlushStreamingOnGC:0]]
[2019.11.21-00.55.35:040][  0]LogConfig: Setting CVar [[gc.NumRetriesBeforeForcingGC:10]]
[2019.11.21-00.55.35:040][  0]LogConfig: Setting CVar [[gc.AllowParallelGC:1]]
[2019.11.21-00.55.35:040][  0]LogConfig: Setting CVar [[gc.TimeBetweenPurgingPendingKillObjects:61.1]]
[2019.11.21-00.55.35:040][  0]LogConfig: Setting CVar [[gc.MaxObjectsInEditor:16777216]]
[2019.11.21-00.55.35:040][  0]LogConfig: Setting CVar [[gc.IncrementalBeginDestroyEnabled:1]]
[2019.11.21-00.55.35:040][  0]LogConfig: Setting CVar [[gc.CreateGCClusters:1]]
[2019.11.21-00.55.35:040][  0]LogConfig: Setting CVar [[gc.MinGCClusterSize:5]]
[2019.11.21-00.55.35:040][  0]LogConfig: Setting CVar [[gc.ActorClusteringEnabled:0]]
[2019.11.21-00.55.35:040][  0]LogConfig: Setting CVar [[gc.BlueprintClusteringEnabled:0]]
[2019.11.21-00.55.35:040][  0]LogConfig: Setting CVar [[gc.UseDisregardForGCOnDedicatedServers:0]]
[2019.11.21-00.55.35:040][  0]LogConfig: Applying CVar settings from Section [/Script/Engine.NetworkSettings] File [C:/Users/CORVO/Downloads/gitThrowbackJam/GITJAM/GITJAM/throwback/Saved/Config/Windows/Engine.ini]
[2019.11.21-00.55.35:040][  0]LogConfig: Applying CVar settings from Section [/Script/UnrealEd.CookerSettings] File [C:/Users/CORVO/Downloads/gitThrowbackJam/GITJAM/GITJAM/throwback/Saved/Config/Windows/Engine.ini]
[2019.11.21-00.55.35:084][  0]LogConfig: Applying CVar settings from Section [ViewDistanceQuality@3] File [C:/Users/CORVO/Downloads/gitThrowbackJam/GITJAM/GITJAM/throwback/Saved/Config/Windows/Scalability.ini]
[2019.11.21-00.55.35:084][  0]LogConfig: Setting CVar [[r.SkeletalMeshLODBias:0]]
[2019.11.21-00.55.35:084][  0]LogConfig: Setting CVar [[r.ViewDistanceScale:1.0]]
[2019.11.21-00.55.35:084][  0]LogConfig: Applying CVar settings from Section [AntiAliasingQuality@3] File [C:/Users/CORVO/Downloads/gitThrowbackJam/GITJAM/GITJAM/throwback/Saved/Config/Windows/Scalability.ini]
[2019.11.21-00.55.35:084][  0]LogConfig: Setting CVar [[r.PostProcessAAQuality:4]]
[2019.11.21-00.55.35:084][  0]LogConfig: Applying CVar settings from Section [ShadowQuality@3] File [C:/Users/CORVO/Downloads/gitThrowbackJam/GITJAM/GITJAM/throwback/Saved/Config/Windows/Scalability.ini]
[2019.11.21-00.55.35:084][  0]LogConfig: Setting CVar [[r.LightFunctionQuality:1]]
[2019.11.21-00.55.35:084][  0]LogConfig: Setting CVar [[r.ShadowQuality:5]]
[2019.11.21-00.55.35:084][  0]LogConfig: Setting CVar [[r.Shadow.CSM.MaxCascades:10]]
[2019.11.21-00.55.35:084][  0]LogConfig: Setting CVar [[r.Shadow.MaxResolution:2048]]
[2019.11.21-00.55.35:084][  0]LogConfig: Setting CVar [[r.Shadow.MaxCSMResolution:2048]]
[2019.11.21-00.55.35:084][  0]LogConfig: Setting CVar [[r.Shadow.RadiusThreshold:0.01]]
[2019.11.21-00.55.35:084][  0]LogConfig: Setting CVar [[r.Shadow.DistanceScale:1.0]]
[2019.11.21-00.55.35:084][  0]LogConfig: Setting CVar [[r.Shadow.CSM.TransitionScale:1.0]]
[2019.11.21-00.55.35:084][  0]LogConfig: Setting CVar [[r.Shadow.PreShadowResolutionFactor:1.0]]
[2019.11.21-00.55.35:084][  0]LogConfig: Setting CVar [[r.DistanceFieldShadowing:1]]
[2019.11.21-00.55.35:084][  0]LogConfig: Setting CVar [[r.DistanceFieldAO:1]]
[2019.11.21-00.55.35:084][  0]LogConfig: Setting CVar [[r.AOQuality:2]]
[2019.11.21-00.55.35:084][  0]LogConfig: Setting CVar [[r.VolumetricFog:1]]
[2019.11.21-00.55.35:084][  0]LogConfig: Setting CVar [[r.VolumetricFog.GridPixelSize:8]]
[2019.11.21-00.55.35:084][  0]LogConfig: Setting CVar [[r.VolumetricFog.GridSizeZ:128]]
[2019.11.21-00.55.35:084][  0]LogConfig: Setting CVar [[r.VolumetricFog.HistoryMissSupersampleCount:4]]
[2019.11.21-00.55.35:084][  0]LogConfig: Setting CVar [[r.LightMaxDrawDistanceScale:1]]
[2019.11.21-00.55.35:085][  0]LogConfig: Setting CVar [[r.CapsuleShadows:1]]
[2019.11.21-00.55.35:085][  0]LogConfig: Applying CVar settings from Section [PostProcessQuality@3] File [C:/Users/CORVO/Downloads/gitThrowbackJam/GITJAM/GITJAM/throwback/Saved/Config/Windows/Scalability.ini]
[2019.11.21-00.55.35:085][  0]LogConfig: Setting CVar [[r.MotionBlurQuality:4]]
[2019.11.21-00.55.35:085][  0]LogConfig: Setting CVar [[r.AmbientOcclusionMipLevelFactor:0.4]]
[2019.11.21-00.55.35:085][  0]LogConfig: Setting CVar [[r.AmbientOcclusionMaxQuality:100]]
[2019.11.21-00.55.35:085][  0]LogConfig: Setting CVar [[r.AmbientOcclusionLevels:-1]]
[2019.11.21-00.55.35:085][  0]LogConfig: Setting CVar [[r.AmbientOcclusionRadiusScale:1.0]]
[2019.11.21-00.55.35:085][  0]LogConfig: Setting CVar [[r.DepthOfFieldQuality:2]]
[2019.11.21-00.55.35:085][  0]LogConfig: Setting CVar [[r.RenderTargetPoolMin:400]]
[2019.11.21-00.55.35:085][  0]LogConfig: Setting CVar [[r.LensFlareQuality:2]]
[2019.11.21-00.55.35:085][  0]LogConfig: Setting CVar [[r.SceneColorFringeQuality:1]]
[2019.11.21-00.55.35:085][  0]LogConfig: Setting CVar [[r.EyeAdaptationQuality:2]]
[2019.11.21-00.55.35:085][  0]LogConfig: Setting CVar [[r.BloomQuality:5]]
[2019.11.21-00.55.35:085][  0]LogConfig: Setting CVar [[r.FastBlurThreshold:100]]
[2019.11.21-00.55.35:085][  0]LogConfig: Setting CVar [[r.Upscale.Quality:3]]
[2019.11.21-00.55.35:085][  0]LogConfig: Setting CVar [[r.Tonemapper.GrainQuantization:1]]
[2019.11.21-00.55.35:085][  0]LogConfig: Setting CVar [[r.LightShaftQuality:1]]
[2019.11.21-00.55.35:085][  0]LogConfig: Setting CVar [[r.Filter.SizeScale:1]]
[2019.11.21-00.55.35:085][  0]LogConfig: Setting CVar [[r.Tonemapper.Quality:5]]
[2019.11.21-00.55.35:085][  0]LogConfig: Setting CVar [[r.DOF.Gather.AccumulatorQuality:1        ; higher gathering accumulator quality]]
[2019.11.21-00.55.35:085][  0]LogConfig: Setting CVar [[r.DOF.Gather.PostfilterMethod:1          ; Median3x3 postfilering method]]
[2019.11.21-00.55.35:085][  0]LogConfig: Setting CVar [[r.DOF.Gather.EnableBokehSettings:0       ; no bokeh simulation when gathering]]
[2019.11.21-00.55.35:085][  0]LogConfig: Setting CVar [[r.DOF.Gather.RingCount:4                 ; medium number of samples when gathering]]
[2019.11.21-00.55.35:085][  0]LogConfig: Setting CVar [[r.DOF.Scatter.ForegroundCompositing:1    ; additive foreground scattering]]
[2019.11.21-00.55.35:085][  0]LogConfig: Setting CVar [[r.DOF.Scatter.BackgroundCompositing:2    ; additive background scattering]]
[2019.11.21-00.55.35:085][  0]LogConfig: Setting CVar [[r.DOF.Scatter.EnableBokehSettings:1      ; bokeh simulation when scattering]]
[2019.11.21-00.55.35:085][  0]LogConfig: Setting CVar [[r.DOF.Scatter.MaxSpriteRatio:0.1         ; only a maximum of 10% of scattered bokeh]]
[2019.11.21-00.55.35:085][  0]LogConfig: Setting CVar [[r.DOF.Recombine.Quality:1                ; cheap slight out of focus]]
[2019.11.21-00.55.35:085][  0]LogConfig: Setting CVar [[r.DOF.Recombine.EnableBokehSettings:0    ; no bokeh simulation on slight out of focus]]
[2019.11.21-00.55.35:085][  0]LogConfig: Setting CVar [[r.DOF.TemporalAAQuality:1                ; more stable temporal accumulation]]
[2019.11.21-00.55.35:085][  0]LogConfig: Setting CVar [[r.DOF.Kernel.MaxForegroundRadius:0.025]]
[2019.11.21-00.55.35:085][  0]LogConfig: Setting CVar [[r.DOF.Kernel.MaxBackgroundRadius:0.025]]
[2019.11.21-00.55.35:085][  0]LogConfig: Applying CVar settings from Section [TextureQuality@3] File [C:/Users/CORVO/Downloads/gitThrowbackJam/GITJAM/GITJAM/throwback/Saved/Config/Windows/Scalability.ini]
[2019.11.21-00.55.35:085][  0]LogConfig: Setting CVar [[r.Streaming.MipBias:0]]
[2019.11.21-00.55.35:085][  0]LogConfig: Setting CVar [[r.Streaming.AmortizeCPUToGPUCopy:0]]
[2019.11.21-00.55.35:085][  0]LogConfig: Setting CVar [[r.Streaming.MaxNumTexturesToStreamPerFrame:0]]
[2019.11.21-00.55.35:085][  0]LogConfig: Setting CVar [[r.Streaming.Boost:1]]
[2019.11.21-00.55.35:085][  0]LogConfig: Setting CVar [[r.MaxAnisotropy:8]]
[2019.11.21-00.55.35:085][  0]LogConfig: Setting CVar [[r.Streaming.LimitPoolSizeToVRAM:0]]
[2019.11.21-00.55.35:085][  0]LogConfig: Setting CVar [[r.Streaming.PoolSize:1000]]
[2019.11.21-00.55.35:085][  0]LogConfig: Setting CVar [[r.Streaming.MaxEffectiveScreenSize:0]]
[2019.11.21-00.55.35:085][  0]LogConfig: Applying CVar settings from Section [EffectsQuality@3] File [C:/Users/CORVO/Downloads/gitThrowbackJam/GITJAM/GITJAM/throwback/Saved/Config/Windows/Scalability.ini]
[2019.11.21-00.55.35:085][  0]LogConfig: Setting CVar [[r.TranslucencyLightingVolumeDim:64]]
[2019.11.21-00.55.35:085][  0]LogConfig: Setting CVar [[r.RefractionQuality:2]]
[2019.11.21-00.55.35:085][  0]LogConfig: Setting CVar [[r.SSR.Quality:3]]
[2019.11.21-00.55.35:085][  0]LogConfig: Setting CVar [[r.SceneColorFormat:4]]
[2019.11.21-00.55.35:085][  0]LogConfig: Setting CVar [[r.DetailMode:2]]
[2019.11.21-00.55.35:085][  0]LogConfig: Setting CVar [[r.TranslucencyVolumeBlur:1]]
[2019.11.21-00.55.35:085][  0]LogConfig: Setting CVar [[r.MaterialQualityLevel:1 ; High quality]]
[2019.11.21-00.55.35:085][  0]LogConfig: Setting CVar [[r.SSS.Scale:1]]
[2019.11.21-00.55.35:085][  0]LogConfig: Setting CVar [[r.SSS.SampleSet:2]]
[2019.11.21-00.55.35:085][  0]LogConfig: Setting CVar [[r.SSS.Quality:1]]
[2019.11.21-00.55.35:085][  0]LogConfig: Setting CVar [[r.SSS.HalfRes:1]]
[2019.11.21-00.55.35:085][  0]LogConfig: Setting CVar [[r.EmitterSpawnRateScale:1.0]]
[2019.11.21-00.55.35:085][  0]LogConfig: Setting CVar [[r.ParticleLightQuality:2]]
[2019.11.21-00.55.35:085][  0]LogConfig: Applying CVar settings from Section [FoliageQuality@3] File [C:/Users/CORVO/Downloads/gitThrowbackJam/GITJAM/GITJAM/throwback/Saved/Config/Windows/Scalability.ini]
[2019.11.21-00.55.35:085][  0]LogConfig: Setting CVar [[foliage.DensityScale:1.0]]
[2019.11.21-00.55.35:085][  0]LogConfig: Setting CVar [[grass.DensityScale:1.0]]
[2019.11.21-00.55.35:089][  0]LogInit: Selected Device Profile: [Windows]
[2019.11.21-00.55.35:093][  0]LogInit: Applying CVar settings loaded from the selected device profile: [Windows]
[2019.11.21-00.55.35:123][  0]LogHAL: Display: Platform has ~ 16 GB [17096138752 / 17179869184 / 16], which maps to Larger [LargestMinGB=32, LargerMinGB=12, DefaultMinGB=8, SmallerMinGB=6, SmallestMinGB=0)
[2019.11.21-00.55.35:123][  0]LogInit: Going up to parent DeviceProfile []
[2019.11.21-00.55.35:138][  0]LogConfig: Applying CVar settings from Section [ViewDistanceQuality@3] File [C:/Users/CORVO/Downloads/gitThrowbackJam/GITJAM/GITJAM/throwback/Saved/Config/Windows/Scalability.ini]
[2019.11.21-00.55.35:138][  0]LogConfig: Setting CVar [[r.SkeletalMeshLODBias:0]]
[2019.11.21-00.55.35:138][  0]LogConfig: Setting CVar [[r.ViewDistanceScale:1.0]]
[2019.11.21-00.55.35:138][  0]LogConfig: Applying CVar settings from Section [AntiAliasingQuality@3] File [C:/Users/CORVO/Downloads/gitThrowbackJam/GITJAM/GITJAM/throwback/Saved/Config/Windows/Scalability.ini]
[2019.11.21-00.55.35:138][  0]LogConfig: Setting CVar [[r.PostProcessAAQuality:4]]
[2019.11.21-00.55.35:138][  0]LogConfig: Applying CVar settings from Section [ShadowQuality@3] File [C:/Users/CORVO/Downloads/gitThrowbackJam/GITJAM/GITJAM/throwback/Saved/Config/Windows/Scalability.ini]
[2019.11.21-00.55.35:138][  0]LogConfig: Setting CVar [[r.LightFunctionQuality:1]]
[2019.11.21-00.55.35:138][  0]LogConfig: Setting CVar [[r.ShadowQuality:5]]
[2019.11.21-00.55.35:138][  0]LogConfig: Setting CVar [[r.Shadow.CSM.MaxCascades:10]]
[2019.11.21-00.55.35:138][  0]LogConfig: Setting CVar [[r.Shadow.MaxResolution:2048]]
[2019.11.21-00.55.35:138][  0]LogConfig: Setting CVar [[r.Shadow.MaxCSMResolution:2048]]
[2019.11.21-00.55.35:138][  0]LogConfig: Setting CVar [[r.Shadow.RadiusThreshold:0.01]]
[2019.11.21-00.55.35:138][  0]LogConfig: Setting CVar [[r.Shadow.DistanceScale:1.0]]
[2019.11.21-00.55.35:138][  0]LogConfig: Setting CVar [[r.Shadow.CSM.TransitionScale:1.0]]
[2019.11.21-00.55.35:138][  0]LogConfig: Setting CVar [[r.Shadow.PreShadowResolutionFactor:1.0]]
[2019.11.21-00.55.35:138][  0]LogConfig: Setting CVar [[r.DistanceFieldShadowing:1]]
[2019.11.21-00.55.35:138][  0]LogConfig: Setting CVar [[r.DistanceFieldAO:1]]
[2019.11.21-00.55.35:138][  0]LogConfig: Setting CVar [[r.AOQuality:2]]
[2019.11.21-00.55.35:138][  0]LogConfig: Setting CVar [[r.VolumetricFog:1]]
[2019.11.21-00.55.35:138][  0]LogConfig: Setting CVar [[r.VolumetricFog.GridPixelSize:8]]
[2019.11.21-00.55.35:138][  0]LogConfig: Setting CVar [[r.VolumetricFog.GridSizeZ:128]]
[2019.11.21-00.55.35:138][  0]LogConfig: Setting CVar [[r.VolumetricFog.HistoryMissSupersampleCount:4]]
[2019.11.21-00.55.35:138][  0]LogConfig: Setting CVar [[r.LightMaxDrawDistanceScale:1]]
[2019.11.21-00.55.35:138][  0]LogConfig: Setting CVar [[r.CapsuleShadows:1]]
[2019.11.21-00.55.35:138][  0]LogConfig: Applying CVar settings from Section [PostProcessQuality@3] File [C:/Users/CORVO/Downloads/gitThrowbackJam/GITJAM/GITJAM/throwback/Saved/Config/Windows/Scalability.ini]
[2019.11.21-00.55.35:138][  0]LogConfig: Setting CVar [[r.MotionBlurQuality:4]]
[2019.11.21-00.55.35:138][  0]LogConfig: Setting CVar [[r.AmbientOcclusionMipLevelFactor:0.4]]
[2019.11.21-00.55.35:138][  0]LogConfig: Setting CVar [[r.AmbientOcclusionMaxQuality:100]]
[2019.11.21-00.55.35:138][  0]LogConfig: Setting CVar [[r.AmbientOcclusionLevels:-1]]
[2019.11.21-00.55.35:138][  0]LogConfig: Setting CVar [[r.AmbientOcclusionRadiusScale:1.0]]
[2019.11.21-00.55.35:138][  0]LogConfig: Setting CVar [[r.DepthOfFieldQuality:2]]
[2019.11.21-00.55.35:138][  0]LogConfig: Setting CVar [[r.RenderTargetPoolMin:400]]
[2019.11.21-00.55.35:138][  0]LogConfig: Setting CVar [[r.LensFlareQuality:2]]
[2019.11.21-00.55.35:138][  0]LogConfig: Setting CVar [[r.SceneColorFringeQuality:1]]
[2019.11.21-00.55.35:138][  0]LogConfig: Setting CVar [[r.EyeAdaptationQuality:2]]
[2019.11.21-00.55.35:138][  0]LogConfig: Setting CVar [[r.BloomQuality:5]]
[2019.11.21-00.55.35:138][  0]LogConfig: Setting CVar [[r.FastBlurThreshold:100]]
[2019.11.21-00.55.35:138][  0]LogConfig: Setting CVar [[r.Upscale.Quality:3]]
[2019.11.21-00.55.35:138][  0]LogConfig: Setting CVar [[r.Tonemapper.GrainQuantization:1]]
[2019.11.21-00.55.35:138][  0]LogConfig: Setting CVar [[r.LightShaftQuality:1]]
[2019.11.21-00.55.35:138][  0]LogConfig: Setting CVar [[r.Filter.SizeScale:1]]
[2019.11.21-00.55.35:138][  0]LogConfig: Setting CVar [[r.Tonemapper.Quality:5]]
[2019.11.21-00.55.35:138][  0]LogConfig: Setting CVar [[r.DOF.Gather.AccumulatorQuality:1        ; higher gathering accumulator quality]]
[2019.11.21-00.55.35:138][  0]LogConfig: Setting CVar [[r.DOF.Gather.PostfilterMethod:1          ; Median3x3 postfilering method]]
[2019.11.21-00.55.35:138][  0]LogConfig: Setting CVar [[r.DOF.Gather.EnableBokehSettings:0       ; no bokeh simulation when gathering]]
[2019.11.21-00.55.35:138][  0]LogConfig: Setting CVar [[r.DOF.Gather.RingCount:4                 ; medium number of samples when gathering]]
[2019.11.21-00.55.35:138][  0]LogConfig: Setting CVar [[r.DOF.Scatter.ForegroundCompositing:1    ; additive foreground scattering]]
[2019.11.21-00.55.35:139][  0]LogConfig: Setting CVar [[r.DOF.Scatter.BackgroundCompositing:2    ; additive background scattering]]
[2019.11.21-00.55.35:139][  0]LogConfig: Setting CVar [[r.DOF.Scatter.EnableBokehSettings:1      ; bokeh simulation when scattering]]
[2019.11.21-00.55.35:139][  0]LogConfig: Setting CVar [[r.DOF.Scatter.MaxSpriteRatio:0.1         ; only a maximum of 10% of scattered bokeh]]
[2019.11.21-00.55.35:139][  0]LogConfig: Setting CVar [[r.DOF.Recombine.Quality:1                ; cheap slight out of focus]]
[2019.11.21-00.55.35:139][  0]LogConfig: Setting CVar [[r.DOF.Recombine.EnableBokehSettings:0    ; no bokeh simulation on slight out of focus]]
[2019.11.21-00.55.35:139][  0]LogConfig: Setting CVar [[r.DOF.TemporalAAQuality:1                ; more stable temporal accumulation]]
[2019.11.21-00.55.35:139][  0]LogConfig: Setting CVar [[r.DOF.Kernel.MaxForegroundRadius:0.025]]
[2019.11.21-00.55.35:139][  0]LogConfig: Setting CVar [[r.DOF.Kernel.MaxBackgroundRadius:0.025]]
[2019.11.21-00.55.35:139][  0]LogConfig: Applying CVar settings from Section [TextureQuality@3] File [C:/Users/CORVO/Downloads/gitThrowbackJam/GITJAM/GITJAM/throwback/Saved/Config/Windows/Scalability.ini]
[2019.11.21-00.55.35:139][  0]LogConfig: Setting CVar [[r.Streaming.MipBias:0]]
[2019.11.21-00.55.35:139][  0]LogConfig: Setting CVar [[r.Streaming.AmortizeCPUToGPUCopy:0]]
[2019.11.21-00.55.35:139][  0]LogConfig: Setting CVar [[r.Streaming.MaxNumTexturesToStreamPerFrame:0]]
[2019.11.21-00.55.35:139][  0]LogConfig: Setting CVar [[r.Streaming.Boost:1]]
[2019.11.21-00.55.35:139][  0]LogConfig: Setting CVar [[r.MaxAnisotropy:8]]
[2019.11.21-00.55.35:139][  0]LogConfig: Setting CVar [[r.Streaming.LimitPoolSizeToVRAM:0]]
[2019.11.21-00.55.35:139][  0]LogConfig: Setting CVar [[r.Streaming.PoolSize:1000]]
[2019.11.21-00.55.35:139][  0]LogConfig: Setting CVar [[r.Streaming.MaxEffectiveScreenSize:0]]
[2019.11.21-00.55.35:139][  0]LogConfig: Applying CVar settings from Section [EffectsQuality@3] File [C:/Users/CORVO/Downloads/gitThrowbackJam/GITJAM/GITJAM/throwback/Saved/Config/Windows/Scalability.ini]
[2019.11.21-00.55.35:139][  0]LogConfig: Setting CVar [[r.TranslucencyLightingVolumeDim:64]]
[2019.11.21-00.55.35:139][  0]LogConfig: Setting CVar [[r.RefractionQuality:2]]
[2019.11.21-00.55.35:139][  0]LogConfig: Setting CVar [[r.SSR.Quality:3]]
[2019.11.21-00.55.35:139][  0]LogConfig: Setting CVar [[r.SceneColorFormat:4]]
[2019.11.21-00.55.35:139][  0]LogConfig: Setting CVar [[r.DetailMode:2]]
[2019.11.21-00.55.35:139][  0]LogConfig: Setting CVar [[r.TranslucencyVolumeBlur:1]]
[2019.11.21-00.55.35:139][  0]LogConfig: Setting CVar [[r.MaterialQualityLevel:1 ; High quality]]
[2019.11.21-00.55.35:139][  0]LogConfig: Setting CVar [[r.SSS.Scale:1]]
[2019.11.21-00.55.35:139][  0]LogConfig: Setting CVar [[r.SSS.SampleSet:2]]
[2019.11.21-00.55.35:139][  0]LogConfig: Setting CVar [[r.SSS.Quality:1]]
[2019.11.21-00.55.35:139][  0]LogConfig: Setting CVar [[r.SSS.HalfRes:1]]
[2019.11.21-00.55.35:139][  0]LogConfig: Setting CVar [[r.EmitterSpawnRateScale:1.0]]
[2019.11.21-00.55.35:139][  0]LogConfig: Setting CVar [[r.ParticleLightQuality:2]]
[2019.11.21-00.55.35:139][  0]LogConfig: Applying CVar settings from Section [FoliageQuality@3] File [C:/Users/CORVO/Downloads/gitThrowbackJam/GITJAM/GITJAM/throwback/Saved/Config/Windows/Scalability.ini]
[2019.11.21-00.55.35:139][  0]LogConfig: Setting CVar [[foliage.DensityScale:1.0]]
[2019.11.21-00.55.35:139][  0]LogConfig: Setting CVar [[grass.DensityScale:1.0]]
[2019.11.21-00.55.35:139][  0]LogConfig: Applying CVar settings from Section [Startup] File [../../../Engine/Config/ConsoleVariables.ini]
[2019.11.21-00.55.35:155][  0]LogConfig: Setting CVar [[net.UseAdaptiveNetUpdateFrequency:0]]
[2019.11.21-00.55.35:155][  0]LogConfig: Setting CVar [[p.chaos.AllowCreatePhysxBodies:1]]
[2019.11.21-00.55.35:155][  0]LogConfig: Applying CVar settings from Section [ConsoleVariables] File [C:/Users/CORVO/Downloads/gitThrowbackJam/GITJAM/GITJAM/throwback/Saved/Config/Windows/Engine.ini]
[2019.11.21-00.55.35:178][  0]LogInit: Computer: BIG-BOI
[2019.11.21-00.55.35:178][  0]LogInit: User: CORVO
[2019.11.21-00.55.35:178][  0]LogInit: CPU Page size=4096, Cores=4
[2019.11.21-00.55.35:178][  0]LogInit: High frequency timer resolution =10.000000 MHz
[2019.11.21-00.55.35:189][  0]LogMemory: Memory total: Physical=15.9GB (16GB approx)
[2019.11.21-00.55.35:189][  0]LogMemory: Platform Memory Stats for Windows
[2019.11.21-00.55.35:189][  0]LogMemory: Process Physical Memory: 100.76 MB used, 100.76 MB peak
[2019.11.21-00.55.35:189][  0]LogMemory: Process Virtual Memory: 100.69 MB used, 100.69 MB peak
[2019.11.21-00.55.35:189][  0]LogMemory: Physical Memory: 5360.30 MB used,  10943.85 MB free, 16304.15 MB total
[2019.11.21-00.55.35:189][  0]LogMemory: Virtual Memory: 4668.30 MB used,  134213056.00 MB free, 134217728.00 MB total
[2019.11.21-00.55.35:197][  0]LogWindows: WindowsPlatformFeatures enabled
[2019.11.21-00.55.35:409][  0]LogInit: Using OS detected language (en-US).
[2019.11.21-00.55.35:409][  0]LogInit: Using OS detected locale (en-US).
[2019.11.21-00.55.35:479][  0]LogTextLocalizationManager: No specific localization for 'en-US' exists, so the 'en' localization will be used.
[2019.11.21-00.55.36:007][  0]LogInit: Setting process to per monitor DPI aware
[2019.11.21-00.55.36:481][  0]LogSlate: New Slate User Created.  User Index 0, Is Virtual User: 0
[2019.11.21-00.55.36:481][  0]LogSlate: Slate User Registered.  User Index 0, Is Virtual User: 0
[2019.11.21-00.55.37:578][  0]LogHMD: Failed to initialize OpenVR with code 126
[2019.11.21-00.55.37:578][  0]LogD3D11RHI: D3D11 adapters:
[2019.11.21-00.55.37:641][  0]LogD3D11RHI:    0. 'NVIDIA GeForce GTX 1060 3GB' (Feature Level 11_0)
[2019.11.21-00.55.37:641][  0]LogD3D11RHI:       2997/0/8152 MB DedicatedVideo/DedicatedSystem/SharedSystem, Outputs:1, VendorId:0x10de
[2019.11.21-00.55.37:644][  0]LogD3D11RHI:    1. 'Microsoft Basic Render Driver' (Feature Level 11_0)
[2019.11.21-00.55.37:644][  0]LogD3D11RHI:       0/0/8152 MB DedicatedVideo/DedicatedSystem/SharedSystem, Outputs:0, VendorId:0x1414
[2019.11.21-00.55.37:644][  0]LogD3D11RHI: Chosen D3D11 Adapter: 0
[2019.11.21-00.55.37:663][  0]LogD3D11RHI: Creating new Direct3DDevice
[2019.11.21-00.55.37:663][  0]LogD3D11RHI:     GPU DeviceId: 0x1c02 (for the marketing name, search the web for "GPU Device Id")
[2019.11.21-00.55.37:670][  0]LogWindows: EnumDisplayDevices:
[2019.11.21-00.55.37:670][  0]LogWindows:    0. 'NVIDIA GeForce GTX 1060 3GB' (P:1 D:1)
[2019.11.21-00.55.37:670][  0]LogWindows:    1. 'NVIDIA GeForce GTX 1060 3GB' (P:0 D:0)
[2019.11.21-00.55.37:670][  0]LogWindows:    2. 'NVIDIA GeForce GTX 1060 3GB' (P:0 D:0)
[2019.11.21-00.55.37:671][  0]LogWindows:    3. 'NVIDIA GeForce GTX 1060 3GB' (P:0 D:0)
[2019.11.21-00.55.37:671][  0]LogWindows: DebugString: FoundDriverCount:4 
[2019.11.21-00.55.37:671][  0]LogD3D11RHI:     Adapter Name: NVIDIA GeForce GTX 1060 3GB
[2019.11.21-00.55.37:671][  0]LogD3D11RHI:   Driver Version: 388.13 (internal:23.21.13.8813, unified:388.13)
[2019.11.21-00.55.37:671][  0]LogD3D11RHI:      Driver Date: 10-27-2017
[2019.11.21-00.55.37:671][  0]LogRHI: Texture pool is 2097 MB (70% of 2997 MB)
[2019.11.21-00.55.37:760][  0]LogD3D11RHI: Async texture creation enabled
[2019.11.21-00.55.37:994][  0]LogD3D11RHI: GPU Timing Frequency: 1000.000000 (Debug: 2 1)
[2019.11.21-00.55.39:110][  0]LogTemp: Display: Module 'AllDesktopTargetPlatform' loaded TargetPlatform 'AllDesktop'
[2019.11.21-00.55.39:120][  0]LogTemp: Display: Module 'MacClientTargetPlatform' loaded TargetPlatform 'MacClient'
[2019.11.21-00.55.39:130][  0]LogTemp: Display: Module 'MacNoEditorTargetPlatform' loaded TargetPlatform 'MacNoEditor'
[2019.11.21-00.55.39:156][  0]LogTemp: Display: Module 'MacServerTargetPlatform' loaded TargetPlatform 'MacServer'
[2019.11.21-00.55.39:174][  0]LogTemp: Display: Module 'MacTargetPlatform' loaded TargetPlatform 'Mac'
[2019.11.21-00.55.39:202][  0]LogTemp: Display: Module 'WindowsClientTargetPlatform' loaded TargetPlatform 'WindowsClient'
[2019.11.21-00.55.39:229][  0]LogTemp: Display: Module 'WindowsNoEditorTargetPlatform' loaded TargetPlatform 'WindowsNoEditor'
[2019.11.21-00.55.39:240][  0]LogTemp: Display: Module 'WindowsServerTargetPlatform' loaded TargetPlatform 'WindowsServer'
[2019.11.21-00.55.39:253][  0]LogTemp: Display: Module 'WindowsTargetPlatform' loaded TargetPlatform 'Windows'
[2019.11.21-00.55.39:348][  0]LogTemp: Display: Module 'AndroidTargetPlatform' loaded TargetPlatform 'Android'
[2019.11.21-00.55.39:348][  0]LogTemp: Display: Module 'AndroidTargetPlatform' loaded TargetPlatform 'Android_ASTC'
[2019.11.21-00.55.39:348][  0]LogTemp: Display: Module 'AndroidTargetPlatform' loaded TargetPlatform 'Android_ATC'
[2019.11.21-00.55.39:348][  0]LogTemp: Display: Module 'AndroidTargetPlatform' loaded TargetPlatform 'Android_DXT'
[2019.11.21-00.55.39:349][  0]LogTemp: Display: Module 'AndroidTargetPlatform' loaded TargetPlatform 'Android_ETC1'
[2019.11.21-00.55.39:349][  0]LogTemp: Display: Module 'AndroidTargetPlatform' loaded TargetPlatform 'Android_ETC1a'
[2019.11.21-00.55.39:349][  0]LogTemp: Display: Module 'AndroidTargetPlatform' loaded TargetPlatform 'Android_ETC2'
[2019.11.21-00.55.39:349][  0]LogTemp: Display: Module 'AndroidTargetPlatform' loaded TargetPlatform 'Android_PVRTC'
[2019.11.21-00.55.39:349][  0]LogTemp: Display: Module 'AndroidTargetPlatform' loaded TargetPlatform 'AndroidClient'
[2019.11.21-00.55.39:349][  0]LogTemp: Display: Module 'AndroidTargetPlatform' loaded TargetPlatform 'Android_ASTCClient'
[2019.11.21-00.55.39:349][  0]LogTemp: Display: Module 'AndroidTargetPlatform' loaded TargetPlatform 'Android_ATCClient'
[2019.11.21-00.55.39:349][  0]LogTemp: Display: Module 'AndroidTargetPlatform' loaded TargetPlatform 'Android_DXTClient'
[2019.11.21-00.55.39:349][  0]LogTemp: Display: Module 'AndroidTargetPlatform' loaded TargetPlatform 'Android_ETC1Client'
[2019.11.21-00.55.39:349][  0]LogTemp: Display: Module 'AndroidTargetPlatform' loaded TargetPlatform 'Android_ETC1aClient'
[2019.11.21-00.55.39:349][  0]LogTemp: Display: Module 'AndroidTargetPlatform' loaded TargetPlatform 'Android_ETC2Client'
[2019.11.21-00.55.39:349][  0]LogTemp: Display: Module 'AndroidTargetPlatform' loaded TargetPlatform 'Android_PVRTCClient'
[2019.11.21-00.55.39:349][  0]LogTemp: Display: Module 'AndroidTargetPlatform' loaded TargetPlatform 'Android_Multi'
[2019.11.21-00.55.39:349][  0]LogTemp: Display: Module 'AndroidTargetPlatform' loaded TargetPlatform 'Android_MultiClient'
[2019.11.21-00.55.39:353][  0]LogTemp: Display: Module 'HTML5TargetPlatform' loaded TargetPlatform 'HTML5'
[2019.11.21-00.55.39:429][  0]LogTemp: Display: Module 'IOSTargetPlatform' loaded TargetPlatform 'IOSClient'
[2019.11.21-00.55.39:429][  0]LogTemp: Display: Module 'IOSTargetPlatform' loaded TargetPlatform 'IOS'
[2019.11.21-00.55.39:447][  0]LogTemp: Display: Module 'TVOSTargetPlatform' loaded TargetPlatform 'TVOSClient'
[2019.11.21-00.55.39:447][  0]LogTemp: Display: Module 'TVOSTargetPlatform' loaded TargetPlatform 'TVOS'
[2019.11.21-00.55.39:456][  0]LogTemp: Display: Module 'LinuxClientTargetPlatform' loaded TargetPlatform 'LinuxClient'
[2019.11.21-00.55.39:467][  0]LogTemp: Display: Module 'LinuxNoEditorTargetPlatform' loaded TargetPlatform 'LinuxNoEditor'
[2019.11.21-00.55.39:484][  0]LogTemp: Display: Module 'LinuxServerTargetPlatform' loaded TargetPlatform 'LinuxServer'
[2019.11.21-00.55.39:500][  0]LogTemp: Display: Module 'LinuxTargetPlatform' loaded TargetPlatform 'Linux'
[2019.11.21-00.55.39:530][  0]LogTemp: Display: Module 'LuminTargetPlatform' loaded TargetPlatform 'Lumin'
[2019.11.21-00.55.39:530][  0]LogTemp: Display: Module 'LuminTargetPlatform' loaded TargetPlatform 'LuminClient'
[2019.11.21-00.55.39:530][  0]LogTargetPlatformManager: Display: Building Assets For Windows
[2019.11.21-00.55.39:750][  0]LogAudioDebug: Display: Lib vorbis DLL was dynamically loaded.
[2019.11.21-00.55.40:115][  0]LogShaderCompilers: Guid format shader working directory is -19 characters bigger than the processId version (C:/Users/CORVO/Downloads/gitThrowbackJam/GITJAM/GITJAM/throwback/Intermediate/Shaders/WorkingDirectory/11276/).
[2019.11.21-00.55.40:115][  0]LogShaderCompilers: Cleaned the shader compiler working directory 'C:/Users/CORVO/AppData/Local/Temp/UnrealShaderWorkingDir/D12D6A064E0CC8B0FE39EC95A9EB0D06/'.
[2019.11.21-00.55.40:122][  0]LogXGEController: Cleaning working directory: C:/Users/CORVO/AppData/Local/Temp/UnrealXGEWorkingDir/
[2019.11.21-00.55.40:122][  0]LogXGEController: Cannot use XGE Controller as Incredibuild is not installed on this machine.
[2019.11.21-00.55.40:123][  0]LogShaderCompilers: Cannot use XGE Shader Compiler as Incredibuild is not installed on this machine.
[2019.11.21-00.55.40:123][  0]LogShaderCompilers: Display: Using Local Shader Compiler.
[2019.11.21-00.55.41:729][  0]LogDerivedDataCache: Display: Max Cache Size: 512 MB
[2019.11.21-00.55.42:132][  0]LogDerivedDataCache: Loaded boot cache 0.40s 73MB C:/Users/CORVO/AppData/Local/UnrealEngine/4.23/DerivedDataCache/Boot.ddc.
[2019.11.21-00.55.42:133][  0]LogDerivedDataCache: Display: Loaded Boot cache: C:/Users/CORVO/AppData/Local/UnrealEngine/4.23/DerivedDataCache/Boot.ddc
[2019.11.21-00.55.42:133][  0]LogDerivedDataCache: FDerivedDataBackendGraph:  Pak pak cache file C:/Users/CORVO/Downloads/gitThrowbackJam/GITJAM/GITJAM/throwback/DerivedDataCache/DDC.ddp not found, will not use a pak cache.
[2019.11.21-00.55.42:133][  0]LogDerivedDataCache: Unable to find inner node Pak for hierarchical cache Hierarchy.
[2019.11.21-00.55.42:133][  0]LogDerivedDataCache: FDerivedDataBackendGraph:  CompressedPak pak cache file C:/Users/CORVO/Downloads/gitThrowbackJam/GITJAM/GITJAM/throwback/DerivedDataCache/Compressed.ddp not found, will not use a pak cache.
[2019.11.21-00.55.42:133][  0]LogDerivedDataCache: Unable to find inner node CompressedPak for hierarchical cache Hierarchy.
[2019.11.21-00.55.42:225][  0]LogDerivedDataCache: Display: Pak cache opened for reading ../../../Engine/DerivedDataCache/Compressed.ddp.
[2019.11.21-00.55.42:225][  0]LogDerivedDataCache: FDerivedDataBackendGraph:  EnterprisePak pak cache file ../../../Enterprise/DerivedDataCache/Compressed.ddp not found, will not use a pak cache.
[2019.11.21-00.55.42:225][  0]LogDerivedDataCache: Unable to find inner node EnterprisePak for hierarchical cache Hierarchy.
[2019.11.21-00.55.42:227][  0]LogDerivedDataCache: Using Local data cache path C:/Users/CORVO/AppData/Local/UnrealEngine/Common/DerivedDataCache: Writable
[2019.11.21-00.55.42:227][  0]LogDerivedDataCache: Shared data cache path not found in *engine.ini, will not use an Shared cache.
[2019.11.21-00.55.42:227][  0]LogDerivedDataCache: Unable to find inner node Shared for hierarchical cache Hierarchy.
[2019.11.21-00.55.42:323][  0]LogMaterial: Verifying Global Shaders for PCD3D_SM5
[2019.11.21-00.55.42:367][  0]LogSlate: Using FreeType 2.6.0
[2019.11.21-00.55.42:496][  0]LogSlate: SlateFontServices - WITH_FREETYPE: 1, WITH_HARFBUZZ: 1
[2019.11.21-00.55.43:121][  0]LogAssetRegistry: FAssetRegistry took 0.0051 seconds to start up
[2019.11.21-00.55.47:229][  0]LogInit: Selected Device Profile: [Windows]
[2019.11.21-00.55.48:422][  0]LogMeshReduction: Using QuadricMeshReduction for automatic static mesh reduction
[2019.11.21-00.55.48:422][  0]LogMeshReduction: Using SimplygonMeshReduction for automatic skeletal mesh reduction
[2019.11.21-00.55.48:422][  0]LogMeshReduction: Using ProxyLODMeshReduction for automatic mesh merging
[2019.11.21-00.55.48:423][  0]LogMeshReduction: No distributed automatic mesh merging module available
[2019.11.21-00.55.48:423][  0]LogMeshMerging: No distributed automatic mesh merging module available
[2019.11.21-00.55.48:858][  0]LogNetVersion: throwback 1.0.0, NetCL: 8386587, EngineNetVer: 11, GameNetVer: 0 (Checksum: 150138904)
[2019.11.21-00.55.52:745][  0]LogPackageLocalizationCache: Processed 12 localized package path(s) for 1 prioritized culture(s) in 0.098037 seconds
[2019.11.21-00.55.52:774][  0]LogUObjectArray: 43444 objects as part of root set at end of initial load.
[2019.11.21-00.55.52:774][  0]LogUObjectAllocator: 7548648 out of 0 bytes used by permanent object pool.
[2019.11.21-00.55.52:774][  0]LogUObjectArray: CloseDisregardForGC: 0/0 objects in disregard for GC pool
[2019.11.21-00.56.01:141][  0]LogTcpMessaging: Initializing TcpMessaging bridge
[2019.11.21-00.56.01:156][  0]LogUdpMessaging: Initializing bridge on interface 0.0.0.0:0 to multicast group 230.0.0.1:6666.
[2019.11.21-00.56.01:619][  0]SourceControl: Source control is disabled
[2019.11.21-00.56.01:637][  0]SourceControl: Source control is disabled
[2019.11.21-00.56.01:682][  0]SourceControl: Source control is disabled
[2019.11.21-00.56.01:698][  0]SourceControl: Source control is disabled
[2019.11.21-00.56.02:409][  0]LogAndroidPermission: UAndroidPermissionCallbackProxy::GetInstance
[2019.11.21-00.56.02:984][  0]LogOcInput: OculusInput pre-init called
[2019.11.21-00.56.03:016][  0]LogWindows: Failed to load 'OVRPlugin.dll' (GetLastError=126)
[2019.11.21-00.56.03:016][  0]LogWindows: File 'OVRPlugin.dll' does not exist
[2019.11.21-00.56.04:153][  0]LogEngine: Initializing Engine...
[2019.11.21-00.56.04:225][  0]LogHMD: Failed to initialize OpenVR with code 126
[2019.11.21-00.56.04:295][  0]LogStats: UGameplayTagsManager::InitializeManager -  0.039 s
[2019.11.21-00.56.05:008][  0]LogInit: Initializing FReadOnlyCVARCache
[2019.11.21-00.56.05:508][  0]LogAIModule: Creating AISystem for world Untitled
[2019.11.21-00.56.05:711][  0]LogInit: XAudio2 using 'HI DEF SPEAKERS (Realtek High Definition Audio)' : 2 channels at 48 kHz using 32 bits per sample (channel mask 0x3)
[2019.11.21-00.56.05:750][  0]LogInit: FAudioDevice initialized.
[2019.11.21-00.56.05:768][  0]LogNetVersion: Set ProjectVersion to 1.0.0.0. Version Checksum will be recalculated on next use.
[2019.11.21-00.56.05:934][  0]LogDerivedDataCache: Saved boot cache 0.17s 73MB C:/Users/CORVO/AppData/Local/UnrealEngine/4.23/DerivedDataCache/Boot.ddc.
[2019.11.21-00.56.05:939][  0]LogInit: Texture streaming: Enabled
[2019.11.21-00.56.06:090][  0]LogEngineSessionManager: EngineSessionManager initialized
[2019.11.21-00.56.06:330][  0]LogInit: Transaction tracking system initialized
[2019.11.21-00.56.06:652][  0]BlueprintLog: New page: Editor Load
[2019.11.21-00.56.07:509][  0]LocalizationService: Localization service is disabled
[2019.11.21-00.56.10:359][  0]LogFileCache: Scanning file cache for directory 'C:/Users/CORVO/Downloads/gitThrowbackJam/GITJAM/GITJAM/throwback/Content/' took 0.01s
[2019.11.21-00.56.10:359][  0]LogCook: Display: Max memory allowance for cook 16384mb min free memory 0mb
[2019.11.21-00.56.10:359][  0]LogCook: Display: Mobile HDR setting 1
[2019.11.21-00.56.12:565][  0]SourceControl: Source control is disabled
[2019.11.21-00.56.12:609][  0]Cmd: MAP LOAD FILE="C:/Users/CORVO/Downloads/gitThrowbackJam/GITJAM/GITJAM/throwback/Content/throwbackStuff/Maps/mainMenu.umap" TEMPLATE=0 SHOWPROGRESS=1 FEATURELEVEL=3
[2019.11.21-00.56.12:625][  0]LightingResults: New page: Lighting Build
[2019.11.21-00.56.12:785][  0]LogWorld: UWorld::CleanupWorld for Untitled, bSessionEnded=true, bCleanupResources=true
[2019.11.21-00.56.12:858][  0]MapCheck: New page: Map Check
[2019.11.21-00.56.12:858][  0]LightingResults: New page: Lighting Build
[2019.11.21-00.56.13:197][  0]LogUObjectHash: Compacting FUObjectHashTables data took   2.01ms
[2019.11.21-00.56.13:483][  0]LogBlueprint: Error: [Compiler PersistentLevel.mainMenu] In use pin  <Unnamed>  no longer exists on node  Show Main Menu . Please refresh node or break links to remove pin.
[2019.11.21-00.56.13:483][  0]LogBlueprint: Error: [Compiler PersistentLevel.mainMenu] In use pin  Target  no longer exists on node  Show Main Menu . Please refresh node or break links to remove pin.
[2019.11.21-00.56.13:483][  0]LogBlueprint: Error: [Compiler PersistentLevel.mainMenu] Could not find a function named "ShowMainMenu" in 'throwbackGameInstance_C'.
Make sure 'throwbackGameInstance_C' has been compiled for  Show Main Menu
[2019.11.21-00.56.13:582][  0]LogAIModule: Creating AISystem for world mainMenu
[2019.11.21-00.56.13:738][  0]LogEditorServer: Finished looking for orphan Actors (0.000 secs)
[2019.11.21-00.56.13:816][  0]LogUObjectHash: Compacting FUObjectHashTables data took   2.32ms
[2019.11.21-00.56.13:816][  0]Cmd: MAP CHECKDEP NOCLEARLOG
[2019.11.21-00.56.13:817][  0]MapCheck: Map check complete: 0 Error(s), 0 Warning(s), took 0.611ms to complete.
[2019.11.21-00.56.13:817][  0]LogFileHelpers: Loading map 'mainMenu' took 1.209
[2019.11.21-00.56.15:338][  0]LogSlate: Updating window title bar state: overlay mode, drag disabled, window buttons hidden, title bar hidden
[2019.11.21-00.56.15:345][  0]LogSlate: Updating window title bar state: overlay mode, drag disabled, window buttons hidden, title bar hidden
[2019.11.21-00.56.15:352][  0]LogSlate: Updating window title bar state: overlay mode, drag disabled, window buttons hidden, title bar hidden
[2019.11.21-00.56.15:359][  0]LogSlate: Updating window title bar state: overlay mode, drag disabled, window buttons hidden, title bar hidden
[2019.11.21-00.56.15:414][  0]LogCollectionManager: Loaded 0 collections in 0.001230 seconds
[2019.11.21-00.56.15:503][  0]LogFileCache: Scanning file cache for directory 'C:/Users/CORVO/Downloads/gitThrowbackJam/GITJAM/GITJAM/throwback/Saved/Collections/' took 0.00s
[2019.11.21-00.56.15:503][  0]LogFileCache: Scanning file cache for directory 'C:/Users/CORVO/Downloads/gitThrowbackJam/GITJAM/GITJAM/throwback/Content/Developers/CORVO/Collections/' took 0.00s
[2019.11.21-00.56.15:503][  0]LogFileCache: Scanning file cache for directory 'C:/Users/CORVO/Downloads/gitThrowbackJam/GITJAM/GITJAM/throwback/Content/Collections/' took 0.00s
[2019.11.21-00.56.15:503][  0]LogCollectionManager: Rebuilt the GUID cache for 0 collections in 0.000002 seconds
[2019.11.21-00.56.15:538][  0]LogContentBrowser: Native class hierarchy populated in 0.0334 seconds. Added 2864 classes and 683 folders.
[2019.11.21-00.56.15:637][  0]LogContentBrowser: Native class hierarchy updated for 'WidgetCarousel' in 0.0003 seconds. Added 0 classes and 0 folders.
[2019.11.21-00.56.16:668][  0]LogContentBrowser: Native class hierarchy updated for 'AddContentDialog' in 0.0003 seconds. Added 0 classes and 0 folders.
[2019.11.21-00.56.16:763][  0]LogContentBrowser: Native class hierarchy updated for 'SceneOutliner' in 0.0006 seconds. Added 1 classes and 2 folders.
[2019.11.21-00.56.17:287][  0]LogSlate: Took 0.016110 seconds to synchronously load lazily loaded font '../../../Engine/Content/Slate/Fonts/Roboto-Regular.ttf' (155K)
[2019.11.21-00.56.17:337][  0]LogSlate: Took 0.011686 seconds to synchronously load lazily loaded font '../../../Engine/Content/Slate/Fonts/Roboto-Bold.ttf' (160K)
[2019.11.21-00.56.17:368][  0]LogSlate: Took 0.014136 seconds to synchronously load lazily loaded font '../../../Engine/Content/Editor/Slate/Fonts/FontAwesome.ttf' (139K)
[2019.11.21-00.56.17:724][  0]LogRenderer: Reallocating scene render targets to support 1408x420 Format 10 NumSamples 1 (Frame:1).
[2019.11.21-00.56.18:175][  0]LogContentBrowser: Native class hierarchy updated for 'HierarchicalLODOutliner' in 0.0006 seconds. Added 0 classes and 0 folders.
[2019.11.21-00.56.18:175][  0]LogLoad: (Engine Initialization) Total time: 56.56 seconds
[2019.11.21-00.56.18:175][  0]LogLoad: (Engine Initialization) Total Blueprint compile time: 0.00 seconds
[2019.11.21-00.56.18:454][  0]LogContentStreaming: Texture pool size now 1000 MB
[2019.11.21-00.56.19:167][  8]LogSlate: Took 0.013699 seconds to synchronously load lazily loaded font '../../../Engine/Content/Slate/Fonts/Roboto-Light.ttf' (167K)
[2019.11.21-00.56.19:443][ 12]LogAssetRegistry: Asset discovery search completed in 36.3237 seconds
[2019.11.21-00.56.19:446][ 12]LogCollectionManager: Rebuilt the object cache for 0 collections in 0.000005 seconds (found 0 objects)
[2019.11.21-00.56.19:446][ 12]LogCollectionManager: Fixed up redirectors for 0 collections in 0.000063 seconds (updated 0 objects)
[2019.11.21-01.01.17:359][901]LogSlate: FSceneViewport::OnFocusLost() reason 5
[2019.11.21-01.01.18:713][ 61]LogSlate: Window 'Tutorials' being destroyed
[2019.11.21-01.01.18:727][ 61]LogSlate: Window 'Tutorials' being destroyed
[2019.11.21-01.01.21:096][331]LogSlate: FSceneViewport::OnFocusLost() reason 0
[2019.11.21-01.01.23:082][560]LogSlate: Took 0.000146 seconds to synchronously load lazily loaded font '../../../Engine/Content/Slate/Fonts/Roboto-Light.ttf' (167K)
[2019.11.21-01.01.23:092][560]LogAssetEditorManager: Opening Asset editor for WidgetBlueprint /Game/throwbackStuff/UI/MainMenu/serverMenu.serverMenu
[2019.11.21-01.01.23:940][560]LogContentBrowser: Native class hierarchy updated for 'BlueprintGraph' in 0.0006 seconds. Added 121 classes and 0 folders.
[2019.11.21-01.01.26:332][560]LogSlate: Took 0.019211 seconds to synchronously load lazily loaded font '../../../Engine/Content/Slate/Fonts/Roboto-BoldCondensed.ttf' (158K)
[2019.11.21-01.01.27:308][659]LogAssetEditorManager: Opening Asset editor for WidgetBlueprint /Game/throwbackStuff/UI/MainMenu/hostMenu.hostMenu
[2019.11.21-01.01.42:446][239]LogSlate: Window 'hostMenu' being destroyed
[2019.11.21-01.01.42:450][239]LogSlate: Window 'hostMenu' being destroyed
[2019.11.21-01.01.42:624][239]LogWorld: UWorld::CleanupWorld for World_1, bSessionEnded=true, bCleanupResources=true
[2019.11.21-01.01.42:686][239]LogWorld: UWorld::CleanupWorld for World_0, bSessionEnded=true, bCleanupResources=true
[2019.11.21-01.01.42:864][239]LogWorld: UWorld::CleanupWorld for World_3, bSessionEnded=true, bCleanupResources=true
[2019.11.21-01.01.42:869][239]LogWorld: UWorld::CleanupWorld for World_2, bSessionEnded=true, bCleanupResources=true
[2019.11.21-01.01.44:710][448]LogAssetEditorManager: Opening Asset editor for WidgetBlueprint /Game/throwbackStuff/UI/hostMenu.hostMenu
[2019.11.21-01.01.46:126][574]LogSlate: Window 'hostMenu' being destroyed
[2019.11.21-01.01.46:132][574]LogSlate: Window 'hostMenu' being destroyed
[2019.11.21-01.01.46:134][574]LogWorld: UWorld::CleanupWorld for World_5, bSessionEnded=true, bCleanupResources=true
[2019.11.21-01.01.46:148][574]LogWorld: UWorld::CleanupWorld for World_4, bSessionEnded=true, bCleanupResources=true
[2019.11.21-01.01.51:619][181]LogUObjectHash: Compacting FUObjectHashTables data took   5.49ms
[2019.11.21-01.01.52:929][181]LogSlate: Window 'Delete Assets' being destroyed
[2019.11.21-01.01.53:126][181]LogUObjectHash: Compacting FUObjectHashTables data took   3.26ms
[2019.11.21-01.01.53:156][181]LogUObjectHash: Compacting FUObjectHashTables data took   2.74ms
[2019.11.21-01.01.53:181][181]LogUObjectHash: Compacting FUObjectHashTables data took   0.78ms
[2019.11.21-01.01.58:953][868]LogAssetEditorManager: Opening Asset editor for WidgetBlueprint /Game/throwbackStuff/UI/mainMenu.mainMenu
[2019.11.21-01.02.02:790][232]LogSlate: Took 0.061963 seconds to synchronously load lazily loaded font '../../../Engine/Content/Slate/Fonts/DroidSansFallback.ttf' (3848K)
[2019.11.21-01.06.18:700][289]LogUObjectHash: Compacting FUObjectHashTables data took   3.33ms
[2019.11.21-01.06.18:700][289]LogFileHelpers: Editor autosave (incl. sublevels) for '/Game/throwbackStuff/Maps/mainMenu' took 0.114
[2019.11.21-01.06.18:733][289]OBJ SavePackage: Generating thumbnails for [0] asset(s) in package [/Game/throwbackStuff/UI/mainMenu] ([1] browsable assets)...
[2019.11.21-01.06.18:749][289]OBJ SavePackage: Finished generating thumbnails for package [/Game/throwbackStuff/UI/mainMenu]
[2019.11.21-01.06.18:971][289]LogSavePackage: Moving 'C:/Users/CORVO/Downloads/gitThrowbackJam/GITJAM/GITJAM/throwback/Saved/mainMenu_Auto11A78FC8F41861B6A4E4C9EA92BE80AEC.tmp' to 'C:/Users/CORVO/Downloads/gitThrowbackJam/GITJAM/GITJAM/throwback/Saved/Autosaves/Game/throwbackStuff/UI/mainMenu_Auto1.uasset'
[2019.11.21-01.06.19:006][289]LogFileHelpers: Auto-saving content packages took 0.304
[2019.11.21-01.09.48:098][940]LogAssetEditorManager: Opening Asset editor for WidgetBlueprint /Game/throwbackStuff/UI/hostMenu.hostMenu
[2019.11.21-01.10.28:546][113]LogSlate: Took 0.018023 seconds to synchronously load lazily loaded font '../../../Engine/Content/Slate/Fonts/Roboto-Italic.ttf' (157K)
[2019.11.21-01.16.51:995][131]LogSlate: Took 0.012071 seconds to synchronously load lazily loaded font '../../../Engine/Content/Slate/Fonts/Roboto-BoldCondensedItalic.ttf' (160K)
[2019.11.21-01.17.27:037][731]Cmd: OBJ SAVEPACKAGE PACKAGE="/Game/throwbackStuff/UI/hostMenu" FILE="C:/Users/CORVO/Downloads/gitThrowbackJam/GITJAM/GITJAM/throwback/Content/throwbackStuff/UI/hostMenu.uasset" SILENT=true
[2019.11.21-01.17.27:067][731]LogSavePackage: Moving 'C:/Users/CORVO/Downloads/gitThrowbackJam/GITJAM/GITJAM/throwback/Saved/hostMenu2BBB2A704A56A90FB7E57FB3D208D0B4.tmp' to 'C:/Users/CORVO/Downloads/gitThrowbackJam/GITJAM/GITJAM/throwback/Content/throwbackStuff/UI/hostMenu.uasset'
[2019.11.21-01.21.38:836][206]LogUObjectHash: Compacting FUObjectHashTables data took   3.89ms
[2019.11.21-01.21.38:836][206]LogFileHelpers: Editor autosave (incl. sublevels) for '/Game/throwbackStuff/Maps/mainMenu' took 0.047
[2019.11.21-01.21.38:838][206]OBJ SavePackage: Generating thumbnails for [0] asset(s) in package [/Game/throwbackStuff/UI/hostMenu] ([1] browsable assets)...
[2019.11.21-01.21.38:838][206]OBJ SavePackage: Finished generating thumbnails for package [/Game/throwbackStuff/UI/hostMenu]
[2019.11.21-01.21.38:870][206]LogSavePackage: Moving 'C:/Users/CORVO/Downloads/gitThrowbackJam/GITJAM/GITJAM/throwback/Saved/hostMenu_Auto23C615DB74BE6469C875D8D970C7AAB6A.tmp' to 'C:/Users/CORVO/Downloads/gitThrowbackJam/GITJAM/GITJAM/throwback/Saved/Autosaves/Game/throwbackStuff/UI/hostMenu_Auto2.uasset'
[2019.11.21-01.21.38:871][206]LogFileHelpers: Auto-saving content packages took 0.033
[2019.11.21-01.28.56:643][549]LogAssetEditorManager: Opening Asset editor for Blueprint /Game/throwbackStuff/throwbackGameInstance.throwbackGameInstance
[2019.11.21-01.28.59:500][856]LogWorld: UWorld::CleanupWorld for World_10, bSessionEnded=true, bCleanupResources=true
[2019.11.21-01.28.59:544][856]LogAssetEditorManager: Opening Asset editor for Blueprint /Game/throwbackStuff/throwbackGameInstance.throwbackGameInstance
[2019.11.21-01.30.40:161][195]LogAssetEditorManager: Opening Asset editor for Blueprint /Game/throwbackStuff/saveGameBP.saveGameBP
[2019.11.21-01.30.41:888][364]LogWorld: UWorld::CleanupWorld for World_12, bSessionEnded=true, bCleanupResources=true
[2019.11.21-01.30.41:931][364]LogAssetEditorManager: Opening Asset editor for Blueprint /Game/throwbackStuff/saveGameBP.saveGameBP
[2019.11.21-01.30.44:495][636]LogWorld: UWorld::CleanupWorld for World_13, bSessionEnded=true, bCleanupResources=true
[2019.11.21-01.31.05:301][ 95]LogAssetEditorManager: Opening Asset editor for Blueprint /Game/throwbackStuff/Blueprints/gameplayGM.gameplayGM
[2019.11.21-01.31.17:281][411]LogWorld: UWorld::CleanupWorld for World_14, bSessionEnded=true, bCleanupResources=true
[2019.11.21-01.31.17:388][411]LogAssetEditorManager: Opening Asset editor for Blueprint /Game/throwbackStuff/Blueprints/gameplayGM.gameplayGM
[2019.11.21-01.31.20:764][711]LogWorld: UWorld::CleanupWorld for World_15, bSessionEnded=true, bCleanupResources=true
[2019.11.21-01.31.22:260][884]LogWorld: UWorld::CleanupWorld for World_11, bSessionEnded=true, bCleanupResources=true
[2019.11.21-01.31.34:364][848]LogAssetEditorManager: Opening Asset editor for Blueprint /Game/throwbackStuff/throwbackGameInstance.throwbackGameInstance
[2019.11.21-01.32.40:800][ 85]LogUObjectHash: Compacting FUObjectHashTables data took   3.19ms
[2019.11.21-01.32.40:833][ 85]LogSavePackage: Moving 'C:/Users/CORVO/Downloads/gitThrowbackJam/GITJAM/GITJAM/throwback/Saved/throwbackGameInstanceC8C35D654824C67367A7F99CB5F579B0.tmp' to 'C:/Users/CORVO/Downloads/gitThrowbackJam/GITJAM/GITJAM/throwback/Content/throwbackStuff/throwbackGameInstance.uasset'
[2019.11.21-01.32.40:844][ 85]Cmd: OBJ SAVEPACKAGE PACKAGE="/Game/throwbackStuff/UI/hostMenu" FILE="C:/Users/CORVO/Downloads/gitThrowbackJam/GITJAM/GITJAM/throwback/Content/throwbackStuff/UI/hostMenu.uasset" SILENT=true
[2019.11.21-01.32.40:877][ 85]LogSavePackage: Moving 'C:/Users/CORVO/Downloads/gitThrowbackJam/GITJAM/GITJAM/throwback/Saved/hostMenuB47705304217D0AD82BAF9B918ED5135.tmp' to 'C:/Users/CORVO/Downloads/gitThrowbackJam/GITJAM/GITJAM/throwback/Content/throwbackStuff/UI/hostMenu.uasset'
[2019.11.21-01.32.40:885][ 85]Cmd: OBJ SAVEPACKAGE PACKAGE="/Game/throwbackStuff/UI/mainMenu" FILE="C:/Users/CORVO/Downloads/gitThrowbackJam/GITJAM/GITJAM/throwback/Content/throwbackStuff/UI/mainMenu.uasset" SILENT=true
[2019.11.21-01.32.40:929][ 85]LogSavePackage: Moving 'C:/Users/CORVO/Downloads/gitThrowbackJam/GITJAM/GITJAM/throwback/Saved/mainMenu70A34C1F4DFD5D302D968B86F498D82B.tmp' to 'C:/Users/CORVO/Downloads/gitThrowbackJam/GITJAM/GITJAM/throwback/Content/throwbackStuff/UI/mainMenu.uasset'
