Log file open, 02/14/18 11:25:54
LogWindows: Failed to load 'aqProf.dll' (GetLastError=126)
LogWindows: File 'aqProf.dll' does not exist
LogWindows: Failed to load 'VtuneApi.dll' (GetLastError=126)
LogWindows: File 'VtuneApi.dll' does not exist
LogWindows: Failed to load 'VtuneApi32e.dll' (GetLastError=126)
LogWindows: File 'VtuneApi32e.dll' does not exist
LogInit: Display: Running engine for game: GITJAM
LogPlatformFile: Not using cached read wrapper
LogInit: Display: RandInit(-1805246610) SRandInit(-1805246610).
LogInit: Read version file with build ID '3709383'
LogInit: Overriding engine version to CL 3832480, compatible CL 3709383
LogInit: Registered custom module enumerator with build ID '3709383'
LogTaskGraph: Started task graph with 5 named threads and 14 total threads with 3 sets of task threads.
LogStats: Stats thread started at 4.811580
LogD3D11RHI: Aftermath initialized
LogModuleManager: Display: Found up-to-date module file ../../../Engine/Plugins/2D/Paper2D/Binaries/Win64/UE4Editor-Paper2D.dll (API version 3709383).
LogModuleManager: Display: Found up-to-date module file ../../../Engine/Plugins/2D/Paper2D/Binaries/Win64/UE4Editor-Paper2DEditor.dll (API version 3709383).
LogModuleManager: Display: Found up-to-date module file ../../../Engine/Plugins/2D/Paper2D/Binaries/Win64/UE4Editor-PaperSpriteSheetImporter.dll (API version 3709383).
LogModuleManager: Display: Found up-to-date module file ../../../Engine/Plugins/2D/Paper2D/Binaries/Win64/UE4Editor-PaperTiledImporter.dll (API version 3709383).
LogModuleManager: Display: Found up-to-date module file ../../../Engine/Plugins/2D/Paper2D/Binaries/Win64/UE4Editor-SmartSnapping.dll (API version 3709383).
LogModuleManager: Display: Found up-to-date module file ../../../Engine/Plugins/Blendables/LightPropagationVolume/Binaries/Win64/UE4Editor-LightPropagationVolumeRuntime.dll (API version 3709383).
LogModuleManager: Display: Found up-to-date module file ../../../Engine/Plugins/Blendables/LightPropagationVolume/Binaries/Win64/UE4Editor-LightPropagationVolumeEditor.dll (API version 3709383).
LogModuleManager: Display: Found up-to-date module file ../../../Engine/Plugins/Developer/GitSourceControl/Binaries/Win64/UE4Editor-GitSourceControl.dll (API version 3709383).
LogModuleManager: Display: Found up-to-date module file ../../../Engine/Plugins/Developer/PerforceSourceControl/Binaries/Win64/UE4Editor-PerforceSourceControl.dll (API version 3709383).
LogModuleManager: Display: Found up-to-date module file ../../../Engine/Plugins/Developer/SubversionSourceControl/Binaries/Win64/UE4Editor-SubversionSourceControl.dll (API version 3709383).
LogModuleManager: Display: Found up-to-date module file ../../../Engine/Plugins/Developer/UObjectPlugin/Binaries/Win64/UE4Editor-UObjectPlugin.dll (API version 3709383).
LogModuleManager: Display: Found up-to-date module file ../../../Engine/Plugins/Developer/VisualStudioCodeSourceCodeAccess/Binaries/Win64/UE4Editor-VisualStudioCodeSourceCodeAccess.dll (API version 3709383).
LogModuleManager: Display: Found up-to-date module file ../../../Engine/Plugins/Developer/VisualStudioSourceCodeAccess/Binaries/Win64/UE4Editor-VisualStudioSourceCodeAccess.dll (API version 3709383).
LogModuleManager: Display: Found up-to-date module file ../../../Engine/Plugins/Editor/AssetManagerEditor/Binaries/Win64/UE4Editor-AssetManagerEditor.dll (API version 3709383).
LogModuleManager: Display: Found up-to-date module file ../../../Engine/Plugins/Editor/AudioCapture/Binaries/Win64/UE4Editor-AudioCapture.dll (API version 3709383).
LogModuleManager: Display: Found up-to-date module file ../../../Engine/Plugins/Editor/FacialAnimation/Binaries/Win64/UE4Editor-FacialAnimation.dll (API version 3709383).
LogModuleManager: Display: Found up-to-date module file ../../../Engine/Plugins/Editor/FacialAnimation/Binaries/Win64/UE4Editor-FacialAnimationEditor.dll (API version 3709383).
LogModuleManager: Display: Found up-to-date module file ../../../Engine/Plugins/Editor/GameplayTagsEditor/Binaries/Win64/UE4Editor-GameplayTagsEditor.dll (API version 3709383).
LogModuleManager: Display: Found up-to-date module file ../../../Engine/Plugins/Editor/MobileLauncherProfileWizard/Binaries/Win64/UE4Editor-MobileLauncherProfileWizard.dll (API version 3709383).
LogModuleManager: Display: Found up-to-date module file ../../../Engine/Plugins/Editor/PluginBrowser/Binaries/Win64/UE4Editor-PluginBrowser.dll (API version 3709383).
LogModuleManager: Display: Found up-to-date module file ../../../Engine/Plugins/Editor/SpeedTreeImporter/Binaries/Win64/UE4Editor-SpeedTreeImporter.dll (API version 3709383).
LogModuleManager: Display: Found up-to-date module file ../../../Engine/Plugins/Experimental/AlembicImporter/Binaries/Win64/UE4Editor-AlembicImporter.dll (API version 3709383).
LogModuleManager: Display: Found up-to-date module file ../../../Engine/Plugins/Experimental/AlembicImporter/Binaries/Win64/UE4Editor-AlembicLibrary.dll (API version 3709383).
LogModuleManager: Display: Found up-to-date module file ../../../Engine/Plugins/Experimental/CharacterAI/Binaries/Win64/UE4Editor-CharacterAI.dll (API version 3709383).
LogModuleManager: Display: Found up-to-date module file ../../../Engine/Plugins/Experimental/HTML5Networking/Binaries/Win64/UE4Editor-HTML5Networking.dll (API version 3709383).
LogModuleManager: Display: Found up-to-date module file ../../../Engine/Plugins/Media/AndroidMedia/Binaries/Win64/UE4Editor-AndroidMediaEditor.dll (API version 3709383).
LogModuleManager: Display: Found up-to-date module file ../../../Engine/Plugins/Media/AndroidMedia/Binaries/Win64/UE4Editor-AndroidMediaFactory.dll (API version 3709383).
LogModuleManager: Display: Found up-to-date module file ../../../Engine/Plugins/Media/AvfMedia/Binaries/Win64/UE4Editor-AvfMediaEditor.dll (API version 3709383).
LogModuleManager: Display: Found up-to-date module file ../../../Engine/Plugins/Media/AvfMedia/Binaries/Win64/UE4Editor-AvfMediaFactory.dll (API version 3709383).
LogModuleManager: Display: Found up-to-date module file ../../../Engine/Plugins/Media/AvfMedia/Binaries/Win64/UE4Editor-AvfMediaFactory.dll (API version 3709383).
LogModuleManager: Display: Found up-to-date module file ../../../Engine/Plugins/Media/ImgMedia/Binaries/Win64/UE4Editor-ImgMedia.dll (API version 3709383).
LogModuleManager: Display: Found up-to-date module file ../../../Engine/Plugins/Media/ImgMedia/Binaries/Win64/UE4Editor-ImgMediaEditor.dll (API version 3709383).
LogModuleManager: Display: Found up-to-date module file ../../../Engine/Plugins/Media/ImgMedia/Binaries/Win64/UE4Editor-ImgMediaFactory.dll (API version 3709383).
LogModuleManager: Display: Found up-to-date module file ../../../Engine/Plugins/Media/ImgMedia/Binaries/Win64/UE4Editor-ImgMediaFactory.dll (API version 3709383).
LogModuleManager: Display: Found up-to-date module file ../../../Engine/Plugins/Media/ImgMedia/Binaries/Win64/UE4Editor-OpenExrWrapper.dll (API version 3709383).
LogModuleManager: Display: Found up-to-date module file ../../../Engine/Plugins/Media/MediaCompositing/Binaries/Win64/UE4Editor-MediaCompositing.dll (API version 3709383).
LogModuleManager: Display: Found up-to-date module file ../../../Engine/Plugins/Media/MediaCompositing/Binaries/Win64/UE4Editor-MediaCompositingEditor.dll (API version 3709383).
LogModuleManager: Display: Found up-to-date module file ../../../Engine/Plugins/Media/MediaPlayerEditor/Binaries/Win64/UE4Editor-MediaPlayerEditor.dll (API version 3709383).
LogModuleManager: Display: Found up-to-date module file ../../../Engine/Plugins/Media/WmfMedia/Binaries/Win64/UE4Editor-WmfMedia.dll (API version 3709383).
LogModuleManager: Display: Found up-to-date module file ../../../Engine/Plugins/Media/WmfMedia/Binaries/Win64/UE4Editor-WmfMediaEditor.dll (API version 3709383).
LogModuleManager: Display: Found up-to-date module file ../../../Engine/Plugins/Media/WmfMedia/Binaries/Win64/UE4Editor-WmfMediaFactory.dll (API version 3709383).
LogModuleManager: Display: Found up-to-date module file ../../../Engine/Plugins/Media/WmfMedia/Binaries/Win64/UE4Editor-WmfMediaFactory.dll (API version 3709383).
LogModuleManager: Display: Found up-to-date module file ../../../Engine/Plugins/Messaging/TcpMessaging/Binaries/Win64/UE4Editor-TcpMessaging.dll (API version 3709383).
LogModuleManager: Display: Found up-to-date module file ../../../Engine/Plugins/Messaging/UdpMessaging/Binaries/Win64/UE4Editor-UdpMessaging.dll (API version 3709383).
LogModuleManager: Display: Found up-to-date module file ../../../Engine/Plugins/MovieScene/ActorSequence/Binaries/Win64/UE4Editor-ActorSequence.dll (API version 3709383).
LogModuleManager: Display: Found up-to-date module file ../../../Engine/Plugins/MovieScene/LevelSequenceEditor/Binaries/Win64/UE4Editor-LevelSequenceEditor.dll (API version 3709383).
LogModuleManager: Display: Found up-to-date module file ../../../Engine/Plugins/MovieScene/MatineeToLevelSequence/Binaries/Win64/UE4Editor-MatineeToLevelSequence.dll (API version 3709383).
LogModuleManager: Display: Found up-to-date module file ../../../Engine/Plugins/Online/OnlineSubsystem/Binaries/Win64/UE4Editor-OnlineSubsystem.dll (API version 3709383).
LogModuleManager: Display: Found up-to-date module file ../../../Engine/Plugins/Runtime/AndroidPermission/Binaries/Win64/UE4Editor-AndroidPermission.dll (API version 3709383).
LogModuleManager: Display: Found up-to-date module file ../../../Engine/Plugins/Online/OnlineSubsystemNull/Binaries/Win64/UE4Editor-OnlineSubsystemNull.dll (API version 3709383).
LogModuleManager: Display: Found up-to-date module file ../../../Engine/Plugins/Online/OnlineSubsystemUtils/Binaries/Win64/UE4Editor-OnlineSubsystemUtils.dll (API version 3709383).
LogModuleManager: Display: Found up-to-date module file ../../../Engine/Plugins/Online/OnlineSubsystemUtils/Binaries/Win64/UE4Editor-OnlineBlueprintSupport.dll (API version 3709383).
LogModuleManager: Display: Found up-to-date module file ../../../Engine/Plugins/Runtime/AndroidDeviceProfileSelector/Binaries/Win64/UE4Editor-AndroidDeviceProfileSelector.dll (API version 3709383).
LogModuleManager: Display: Found up-to-date module file ../../../Engine/Plugins/Runtime/AppleARKit/Binaries/Win64/UE4Editor-AppleARKit.dll (API version 3709383).
LogModuleManager: Display: Found up-to-date module file ../../../Engine/Plugins/Runtime/ArchVisCharacter/Binaries/Win64/UE4Editor-ArchVisCharacter.dll (API version 3709383).
LogModuleManager: Display: Found up-to-date module file ../../../Engine/Plugins/Runtime/CableComponent/Binaries/Win64/UE4Editor-CableComponent.dll (API version 3709383).
LogModuleManager: Display: Found up-to-date module file ../../../Engine/Plugins/Runtime/CustomMeshComponent/Binaries/Win64/UE4Editor-CustomMeshComponent.dll (API version 3709383).
LogModuleManager: Display: Found up-to-date module file ../../../Engine/Plugins/Runtime/ExampleDeviceProfileSelector/Binaries/Win64/UE4Editor-ExampleDeviceProfileSelector.dll (API version 3709383).
LogModuleManager: Display: Found up-to-date module file ../../../Engine/Plugins/Runtime/ImmediatePhysics/Binaries/Win64/UE4Editor-ImmediatePhysics.dll (API version 3709383).
LogModuleManager: Display: Found up-to-date module file ../../../Engine/Plugins/Runtime/ImmediatePhysics/Binaries/Win64/UE4Editor-ImmediatePhysicsEditor.dll (API version 3709383).
LogModuleManager: Display: Found up-to-date module file ../../../Engine/Plugins/Runtime/LocationServicesBPLibrary/Binaries/Win64/UE4Editor-LocationServicesBPLibrary.dll (API version 3709383).
LogModuleManager: Display: Found up-to-date module file ../../../Engine/Plugins/Runtime/MobilePatchingUtils/Binaries/Win64/UE4Editor-MobilePatchingUtils.dll (API version 3709383).
LogModuleManager: Display: Found up-to-date module file ../../../Engine/Plugins/Runtime/Oculus/OculusVR/Binaries/Win64/UE4Editor-OculusHMD.dll (API version 3709383).
LogModuleManager: Display: Found up-to-date module file ../../../Engine/Plugins/Runtime/Oculus/OculusVR/Binaries/Win64/UE4Editor-OculusInput.dll (API version 3709383).
LogModuleManager: Display: Found up-to-date module file ../../../Engine/Plugins/Runtime/Oculus/OculusVR/Binaries/Win64/UE4Editor-OculusEditor.dll (API version 3709383).
LogModuleManager: Display: Found up-to-date module file ../../../Engine/Plugins/Runtime/PhysXVehicles/Binaries/Win64/UE4Editor-PhysXVehicles.dll (API version 3709383).
LogModuleManager: Display: Found up-to-date module file ../../../Engine/Plugins/Runtime/PhysXVehicles/Binaries/Win64/UE4Editor-PhysXVehiclesEditor.dll (API version 3709383).
LogModuleManager: Display: Found up-to-date module file ../../../Engine/Plugins/Runtime/ProceduralMeshComponent/Binaries/Win64/UE4Editor-ProceduralMeshComponent.dll (API version 3709383).
LogModuleManager: Display: Found up-to-date module file ../../../Engine/Plugins/Runtime/ProceduralMeshComponent/Binaries/Win64/UE4Editor-ProceduralMeshComponentEditor.dll (API version 3709383).
LogModuleManager: Display: Found up-to-date module file ../../../Engine/Plugins/Runtime/RuntimePhysXCooking/Binaries/Win64/UE4Editor-RuntimePhysXCooking.dll (API version 3709383).
LogModuleManager: Display: Found up-to-date module file ../../../Engine/Plugins/Runtime/Steam/SteamVR/Binaries/Win64/UE4Editor-SteamVR.dll (API version 3709383).
LogModuleManager: Display: Found up-to-date module file ../../../Engine/Plugins/Runtime/Steam/SteamVR/Binaries/Win64/UE4Editor-SteamVRController.dll (API version 3709383).
LogModuleManager: Display: Found up-to-date module file ../../../Engine/Plugins/Runtime/WindowsMoviePlayer/Binaries/Win64/UE4Editor-WindowsMoviePlayer.dll (API version 3709383).
LogPluginManager: Mounting plugin Paper2D
LogPluginManager: Mounting plugin LightPropagationVolume
LogPluginManager: Mounting plugin CodeLiteSourceCodeAccess
LogPluginManager: Mounting plugin GitSourceControl
LogPluginManager: Mounting plugin KDevelopSourceCodeAccess
LogPluginManager: Mounting plugin NullSourceCodeAccess
LogPluginManager: Mounting plugin PerforceSourceControl
LogPluginManager: Mounting plugin SubversionSourceControl
LogPluginManager: Mounting plugin UObjectPlugin
LogPluginManager: Mounting plugin VisualStudioCodeSourceCodeAccess
LogPluginManager: Mounting plugin VisualStudioSourceCodeAccess
LogPluginManager: Mounting plugin XCodeSourceCodeAccess
LogPluginManager: Mounting plugin AssetManagerEditor
LogPluginManager: Mounting plugin AudioCapture
LogPluginManager: Mounting plugin FacialAnimation
LogPluginManager: Mounting plugin GameplayTagsEditor
LogPluginManager: Mounting plugin MobileLauncherProfileWizard
LogPluginManager: Mounting plugin PluginBrowser
LogPluginManager: Mounting plugin SpeedTreeImporter
LogPluginManager: Mounting plugin AlembicImporter
LogPluginManager: Mounting plugin CharacterAI
LogPluginManager: Mounting plugin HTML5Networking
LogPluginManager: Mounting plugin AndroidMedia
LogPluginManager: Mounting plugin AvfMedia
LogPluginManager: Mounting plugin ImgMedia
LogPluginManager: Mounting plugin MediaCompositing
LogPluginManager: Mounting plugin MediaPlayerEditor
LogPluginManager: Mounting plugin WmfMedia
LogPluginManager: Mounting plugin TcpMessaging
LogPluginManager: Mounting plugin UdpMessaging
LogPluginManager: Mounting plugin ActorSequence
LogPluginManager: Mounting plugin LevelSequenceEditor
LogPluginManager: Mounting plugin MatineeToLevelSequence
LogPluginManager: Mounting plugin OnlineSubsystemGooglePlay
LogPluginManager: Mounting plugin OnlineSubsystemIOS
LogPluginManager: Mounting plugin OnlineSubsystem
LogPluginManager: Mounting plugin OnlineSubsystemNull
LogPluginManager: Mounting plugin OnlineSubsystemUtils
LogPluginManager: Mounting plugin AndroidDeviceProfileSelector
LogPluginManager: Mounting plugin AndroidMoviePlayer
LogPluginManager: Mounting plugin AndroidPermission
LogPluginManager: Mounting plugin AppleARKit
LogPluginManager: Mounting plugin AppleMoviePlayer
LogPluginManager: Mounting plugin ArchVisCharacter
LogPluginManager: Mounting plugin CableComponent
LogPluginManager: Mounting plugin CustomMeshComponent
LogPluginManager: Mounting plugin ExampleDeviceProfileSelector
LogPluginManager: Mounting plugin GoogleCloudMessaging
LogPluginManager: Mounting plugin ImmediatePhysics
LogPluginManager: Mounting plugin IOSDeviceProfileSelector
LogPluginManager: Mounting plugin LinuxDeviceProfileSelector
LogPluginManager: Mounting plugin LocationServicesBPLibrary
LogPluginManager: Mounting plugin MobilePatchingUtils
LogPluginManager: Mounting plugin OculusVR
LogPluginManager: Plugin shader directory ../../../Engine/Plugins/Runtime/Oculus/OculusVR/Shaders found
LogPluginManager: Mapping shader source directory ../../../Engine/Plugins/Runtime/Oculus/OculusVR/Shaders to virtual directory /Plugin/OculusVR
LogPluginManager: Mounting plugin PhysXVehicles
LogPluginManager: Mounting plugin ProceduralMeshComponent
LogPluginManager: Mounting plugin RuntimePhysXCooking
LogPluginManager: Mounting plugin SteamVR
LogPluginManager: Mounting plugin WindowsMoviePlayer
LogInit: Using libcurl 7.47.1
LogInit:  - built for x86_64-pc-win32
LogInit:  - supports SSL with OpenSSL/1.0.2g
LogInit:  - supports HTTP deflate (compression) using libz 1.2.8
LogInit:  - other features:
LogInit:      CURL_VERSION_SSL
LogInit:      CURL_VERSION_LIBZ
LogInit:      CURL_VERSION_IPV6
LogInit:      CURL_VERSION_ASYNCHDNS
LogInit:      CURL_VERSION_LARGEFILE
LogInit:      CURL_VERSION_IDN
LogInit:  CurlRequestOptions (configurable via config and command line):
LogInit:  - bVerifyPeer = false  - Libcurl will NOT verify peer certificate
LogInit:  - bUseHttpProxy = false  - Libcurl will NOT use HTTP proxy
LogInit:  - bDontReuseConnections = false  - Libcurl will reuse connections
LogInit:  - CertBundlePath = nullptr  - Libcurl will use whatever was configured at build time.
LogInit: Build: ++UE4+Release-4.18-CL-3832480
LogInit: Engine Version: 4.18.3-3832480+++UE4+Release-4.18
LogInit: Compatible Engine Version: 4.18.0-3709383+++UE4+Release-4.18
LogInit: Net CL: 3709383
LogDevObjectVersion: Number of dev versions registered: 16
LogDevObjectVersion:   Dev-Blueprints (B0D832E4-1F89-4F0D-ACCF-7EB736FD4AA2): 10
LogDevObjectVersion:   Dev-Build (E1C64328-A22C-4D53-A36C-8E866417BD8C): 0
LogDevObjectVersion:   Dev-Core (375EC13C-06E4-48FB-B500-84F0262A717E): 2
LogDevObjectVersion:   Dev-Editor (E4B068ED-F494-42E9-A231-DA0B2E46BB41): 20
LogDevObjectVersion:   Dev-Framework (CFFC743F-43B0-4480-9391-14DF171D2073): 30
LogDevObjectVersion:   Dev-Mobile (B02B49B5-BB20-44E9-A304-32B752E40360): 0
LogDevObjectVersion:   Dev-Networking (A4E4105C-59A1-49B5-A7C5-40C4547EDFEE): 0
LogDevObjectVersion:   Dev-Online (39C831C9-5AE6-47DC-9A44-9C173E1C8E7C): 0
LogDevObjectVersion:   Dev-Physics (78F01B33-EBEA-4F98-B9B4-84EACCB95AA2): 0
LogDevObjectVersion:   Dev-Platform (6631380F-2D4D-43E0-8009-CF276956A95A): 0
LogDevObjectVersion:   Dev-Rendering (12F88B9F-8875-4AFC-A67C-D90C383ABD29): 20
LogDevObjectVersion:   Dev-Sequencer (7B5AE74C-D270-4C10-A958-57980B212A5A): 4
LogDevObjectVersion:   Dev-VR (D7296918-1DD6-4BDD-9DE2-64A83CC13884): 0
LogDevObjectVersion:   Dev-LoadTimes (C2A15278-BFE7-4AFE-6C17-90FF531DF755): 1
LogDevObjectVersion:   Private-Geometry (6EACA3D4-40EC-4CC1-B786-8BED09428FC5): 1
LogDevObjectVersion:   Dev-AnimPhys (29E575DD-E0A3-4627-9D10-D276232CDCEA): 12
LogInit: Compiled (64-bit): Jan 12 2018 02:04:55
LogInit: Compiled with Visual C++: 19.00.24215.01
LogInit: Build Configuration: Development
LogInit: Branch Name: ++UE4+Release-4.18
LogInit: Command line:  
LogInit: Base directory: C:/Program Files/Epic Games/UE_4.18/Engine/Binaries/Win64/
LogInit: Installed Engine Build: 1
LogInit: Presizing for max 8388607 objects, including 0 objects not considered by GC, pre-allocating 0 bytes for permanent pool.
LogInit: Object subsystem initialized
[2018.02.14-16.25.59:379][  0]LogInit: Selected Device Profile: [Windows]
[2018.02.14-16.25.59:379][  0]LogInit: Applying CVar settings loaded from the selected device profile: [Windows]
[2018.02.14-16.25.59:446][  0]LogInit: Computer: RIDENTEM-WORK-L
[2018.02.14-16.25.59:446][  0]LogInit: User: Jcrib
[2018.02.14-16.25.59:446][  0]LogInit: CPU Page size=4096, Cores=4
[2018.02.14-16.25.59:446][  0]LogInit: High frequency timer resolution =2.435781 MHz
[2018.02.14-16.25.59:446][  0]LogMemory: Memory total: Physical=15.9GB (16GB approx)
[2018.02.14-16.25.59:446][  0]LogMemory: Platform Memory Stats for Windows
[2018.02.14-16.25.59:446][  0]LogMemory: Process Physical Memory: 275.74 MB used, 275.74 MB peak
[2018.02.14-16.25.59:446][  0]LogMemory: Process Virtual Memory: 269.73 MB used, 269.73 MB peak
[2018.02.14-16.25.59:446][  0]LogMemory: Physical Memory: 6857.24 MB used,  9407.87 MB free, 16265.11 MB total
[2018.02.14-16.25.59:446][  0]LogMemory: Virtual Memory: 683.05 MB used,  9407.87 MB free, 134217728.00 MB total
[2018.02.14-16.26.00:691][  0]LogInit: Using OS detected language (en-US).
[2018.02.14-16.26.00:691][  0]LogInit: Using OS detected locale (en-US).
[2018.02.14-16.26.00:986][  0]LogTextLocalizationManager: No specific localization for 'en-US' exists, so the 'en' localization will be used.
[2018.02.14-16.26.01:739][  0]LogInit: Setting process to per monitor DPI aware
[2018.02.14-16.26.06:673][  0]LogD3D11RHI: D3D11 adapters:
[2018.02.14-16.26.06:764][  0]LogD3D11RHI:    0. 'AMD Radeon R9 M280X' (Feature Level 11_0)
[2018.02.14-16.26.06:764][  0]LogD3D11RHI:       2024/0/8132 MB DedicatedVideo/DedicatedSystem/SharedSystem, Outputs:1, VendorId:0x1002
[2018.02.14-16.26.06:768][  0]LogD3D11RHI:    1. 'Intel(R) HD Graphics 4600' (Feature Level 11_0)
[2018.02.14-16.26.06:768][  0]LogD3D11RHI:       112/0/2048 MB DedicatedVideo/DedicatedSystem/SharedSystem, Outputs:0, VendorId:0x8086
[2018.02.14-16.26.06:770][  0]LogD3D11RHI:    2. 'Microsoft Basic Render Driver' (Feature Level 11_0)
[2018.02.14-16.26.06:770][  0]LogD3D11RHI:       0/0/8132 MB DedicatedVideo/DedicatedSystem/SharedSystem, Outputs:0, VendorId:0x1414
[2018.02.14-16.26.06:770][  0]LogD3D11RHI: Chosen D3D11 Adapter: 0
[2018.02.14-16.26.06:778][  0]LogD3D11RHI: Creating new Direct3DDevice
[2018.02.14-16.26.06:778][  0]LogD3D11RHI:     GPU DeviceId: 0x6646 (for the marketing name, search the web for "GPU Device Id")
[2018.02.14-16.26.06:778][  0]LogWindows: EnumDisplayDevices:
[2018.02.14-16.26.06:778][  0]LogWindows:    0. 'Intel(R) HD Graphics 4600' (P:1 D:1)
[2018.02.14-16.26.06:778][  0]LogWindows:    1. 'Intel(R) HD Graphics 4600' (P:0 D:0)
[2018.02.14-16.26.06:778][  0]LogWindows:    2. 'Intel(R) HD Graphics 4600' (P:0 D:0)
[2018.02.14-16.26.06:778][  0]LogWindows:    3. 'AMD Radeon R9 M280X' (P:0 D:0)
[2018.02.14-16.26.06:779][  0]LogWindows:    4. 'AMD Radeon R9 M280X' (P:0 D:0)
[2018.02.14-16.26.06:779][  0]LogWindows:    5. 'AMD Radeon R9 M280X' (P:0 D:0)
[2018.02.14-16.26.06:779][  0]LogWindows:    6. 'AMD Radeon R9 M280X' (P:0 D:0)
[2018.02.14-16.26.06:779][  0]LogWindows:    7. 'AMD Radeon R9 M280X' (P:0 D:0)
[2018.02.14-16.26.06:779][  0]LogWindows:    8. 'AMD Radeon R9 M280X' (P:0 D:0)
[2018.02.14-16.26.06:779][  0]LogWindows:    9. 'AMD Radeon R9 M280X' (P:0 D:0)
[2018.02.14-16.26.06:779][  0]LogWindows:    10. 'AMD Radeon R9 M280X' (P:0 D:0)
[2018.02.14-16.26.06:779][  0]LogWindows:    11. 'AMD Radeon R9 M280X' (P:0 D:0)
[2018.02.14-16.26.06:779][  0]LogWindows:    12. 'AMD Radeon R9 M280X' (P:0 D:0)
[2018.02.14-16.26.06:780][  0]LogWindows:    13. 'AMD Radeon R9 M280X' (P:0 D:0)
[2018.02.14-16.26.06:780][  0]LogWindows:    14. 'AMD Radeon R9 M280X' (P:0 D:0)
[2018.02.14-16.26.06:780][  0]LogWindows:    15. 'AMD Radeon R9 M280X' (P:0 D:0)
[2018.02.14-16.26.06:780][  0]LogWindows:    16. 'AMD Radeon R9 M280X' (P:0 D:0)
[2018.02.14-16.26.06:780][  0]LogWindows:    17. 'AMD Radeon R9 M280X' (P:0 D:0)
[2018.02.14-16.26.06:780][  0]LogWindows:    18. 'AMD Radeon R9 M280X' (P:0 D:0)
[2018.02.14-16.26.06:780][  0]LogWindows: DebugString: GetVideoDriverDetailsInvalid PrimaryIsNotTheChoosenAdapter GetVideoDriverDetailsInvalid PrimaryIsNotTheChoosenAdapter GetVideoDriverDetailsInvalid PrimaryIsNotTheChoosenAdapter GetVideoDriverDetailsInvalid PrimaryIsNotTheChoosenAdapter GetVideoDriverDetailsInvalid PrimaryIsNotTheChoosenAdapter GetVideoDriverDetailsInvalid PrimaryIsNotTheChoosenAdapter GetVideoDriverDetailsInvalid PrimaryIsNotTheChoosenAdapter GetVideoDriverDetailsInvalid PrimaryIsNotTheChoosenAdapter GetVideoDriverDetailsInvalid PrimaryIsNotTheChoosenAdapter GetVideoDriverDetailsInvalid PrimaryIsNotTheChoosenAdapter GetVideoDriverDetailsInvalid PrimaryIsNotTheChoosenAdapter GetVideoDriverDetailsInvalid PrimaryIsNotTheChoosenAdapter GetVideoDriverDetailsInvalid PrimaryIsNotTheChoosenAdapter GetVideoDriverDetailsInvalid PrimaryIsNotTheChoosenAdapter GetVideoDriverDetailsInvalid PrimaryIsNotTheChoosenAdapter GetVideoDriverDetailsInvalid PrimaryIsNotTheChoosenAdapter GetVideoDriverDetailsInvalid PrimaryIsNotTheChoosenAdapter GetVideoDriverDetailsInvalid PrimaryIsNotTheChoosenAdapter GetVideoDriverDetailsInvalid PrimaryIsNotTheChoosenAdapter FoundDriverCount:0 
[2018.02.14-16.26.06:780][  0]LogD3D11RHI:     Adapter Name: AMD Radeon R9 M280X
[2018.02.14-16.26.06:780][  0]LogD3D11RHI:   Driver Version: Unknown (internal:Unknown, unified:Unknown)
[2018.02.14-16.26.06:780][  0]LogD3D11RHI:      Driver Date: Unknown
[2018.02.14-16.26.06:780][  0]LogRHI: Texture pool is 1417 MB (70% of 2024 MB)
[2018.02.14-16.26.06:889][  0]LogD3D11RHI: Async texture creation enabled
[2018.02.14-16.26.07:154][  0]LogD3D11RHI: GPU Timing Frequency: 27.000000 (Debug: 2 1)
[2018.02.14-16.26.07:245][  0]LogShaderCompilers: Guid format shader working directory is -37 characters bigger than the processId version (../../../../../../Users/Jcrib/Downloads/throwbackJam/gitThrowbackJam/GITJAM/GITJAM/Intermediate/Shaders/WorkingDirectory/15676/).
[2018.02.14-16.26.07:245][  0]LogShaderCompilers: Cleaned the shader compiler working directory 'C:/Users/Jcrib/AppData/Local/Temp/UnrealShaderWorkingDir/650FCAD84C93B26CF83D64862A59EE46/'.
[2018.02.14-16.26.07:265][  0]LogShaderCompilers: Display: Using Local Shader Compiler.
[2018.02.14-16.26.13:180][  0]LogTemp: Display: Loaded TP AllDesktopTargetPlatform
[2018.02.14-16.26.13:251][  0]LogTemp: Display: Loaded TP MacClientTargetPlatform
[2018.02.14-16.26.13:315][  0]LogTemp: Display: Loaded TP MacNoEditorTargetPlatform
[2018.02.14-16.26.13:379][  0]LogTemp: Display: Loaded TP MacServerTargetPlatform
[2018.02.14-16.26.13:465][  0]LogTemp: Display: Loaded TP MacTargetPlatform
[2018.02.14-16.26.13:537][  0]LogTemp: Display: Loaded TP WindowsClientTargetPlatform
[2018.02.14-16.26.13:607][  0]LogTemp: Display: Loaded TP WindowsNoEditorTargetPlatform
[2018.02.14-16.26.13:674][  0]LogTemp: Display: Loaded TP WindowsServerTargetPlatform
[2018.02.14-16.26.13:765][  0]LogTemp: Display: Loaded TP WindowsTargetPlatform
[2018.02.14-16.26.13:849][  0]LogTemp: Display: Loaded TP Android_ASTCTargetPlatform
[2018.02.14-16.26.13:910][  0]LogTemp: Display: Loaded TP Android_ATCTargetPlatform
[2018.02.14-16.26.13:974][  0]LogTemp: Display: Loaded TP Android_DXTTargetPlatform
[2018.02.14-16.26.14:038][  0]LogTemp: Display: Loaded TP Android_ETC1TargetPlatform
[2018.02.14-16.26.14:106][  0]LogTemp: Display: Loaded TP Android_ETC2TargetPlatform
[2018.02.14-16.26.14:237][  0]LogTemp: Display: Loaded TP Android_MultiTargetPlatform
[2018.02.14-16.26.14:238][  0]LogTemp: Display: Loaded TP Android_PVRTCTargetPlatform
[2018.02.14-16.26.14:365][  0]LogTemp: Display: Loaded TP AndroidTargetPlatform
[2018.02.14-16.26.14:429][  0]LogTemp: Display: Loaded TP HTML5TargetPlatform
[2018.02.14-16.26.14:573][  0]LogTemp: Display: Loaded TP IOSTargetPlatform
[2018.02.14-16.26.14:613][  0]LogTemp: Display: Loaded TP TVOSTargetPlatform
[2018.02.14-16.26.14:684][  0]LogTemp: Display: Loaded TP LinuxClientTargetPlatform
[2018.02.14-16.26.14:748][  0]LogTemp: Display: Loaded TP LinuxNoEditorTargetPlatform
[2018.02.14-16.26.14:819][  0]LogTemp: Display: Loaded TP LinuxServerTargetPlatform
[2018.02.14-16.26.14:901][  0]LogTemp: Display: Loaded TP LinuxTargetPlatform
[2018.02.14-16.26.14:901][  0]LogTargetPlatformManager: Display: Building Assets For Windows
[2018.02.14-16.26.16:312][  0]LogDerivedDataCache: Display: Max Cache Size: 512 MB
[2018.02.14-16.26.16:312][  0]LogDerivedDataCache: Display: Starting with empty Boot cache
[2018.02.14-16.26.16:312][  0]LogDerivedDataCache: FDerivedDataBackendGraph:  Pak pak cache file ../../../../../../Users/Jcrib/Downloads/throwbackJam/gitThrowbackJam/GITJAM/GITJAM/DerivedDataCache/DDC.ddp not found, will not use a pak cache.
[2018.02.14-16.26.16:312][  0]LogDerivedDataCache: Unable to find inner node Pak for hierarchical cache Hierarchy.
[2018.02.14-16.26.16:312][  0]LogDerivedDataCache: FDerivedDataBackendGraph:  CompressedPak pak cache file ../../../../../../Users/Jcrib/Downloads/throwbackJam/gitThrowbackJam/GITJAM/GITJAM/DerivedDataCache/Compressed.ddp not found, will not use a pak cache.
[2018.02.14-16.26.16:312][  0]LogDerivedDataCache: Unable to find inner node CompressedPak for hierarchical cache Hierarchy.
[2018.02.14-16.26.16:375][  0]LogDerivedDataCache: Display: Pak cache opened for reading ../../../Engine/DerivedDataCache/Compressed.ddp.
[2018.02.14-16.26.16:388][  0]LogDerivedDataCache: Using Local data cache path C:/Users/Jcrib/AppData/Local/UnrealEngine/Common/DerivedDataCache: Writable
[2018.02.14-16.26.16:491][  0]LogMaterial: Verifying Global Shaders for PCD3D_SM5
[2018.02.14-16.26.16:595][  0]LogSlate: Using Freetype 2.6.0
[2018.02.14-16.26.16:646][  0]LogSlate: SlateFontCache - WITH_FREETYPE: 1, WITH_HARFBUZZ: 1
[2018.02.14-16.26.16:656][  0]LogSlate: SlateFontCache - WITH_FREETYPE: 1, WITH_HARFBUZZ: 1
[2018.02.14-16.26.23:727][  0]LogInit: Selected Device Profile: [Windows]
[2018.02.14-16.26.24:871][  0]LogMaterial: Missing cached shader map for material DefaultDeferredDecalMaterial, compiling. 
[2018.02.14-16.26.36:220][  0]LogMaterial: Missing cached shader map for material DefaultLightFunctionMaterial, compiling. 
[2018.02.14-16.26.37:252][  0]LogMaterial: Missing cached shader map for material DefaultPostProcessMaterial, compiling. 
[2018.02.14-16.26.38:036][  0]LogMaterial: Missing cached shader map for material WorldGridMaterial, compiling. Is special engine material.
[2018.02.14-16.27.22:142][  0]LogMaterial: Missing cached shader map for material MatineeCam_mat, compiling. 
[2018.02.14-16.27.22:914][  0]LogSimplygon: Simplygon DLL not present - disabling.
[2018.02.14-16.27.23:027][  0]LogMeshReduction: Using SimplygonSwarm for distributed automatic mesh merging
[2018.02.14-16.27.23:027][  0]LogMeshReduction: Using QuadricMeshReduction for automatic static mesh reduction
[2018.02.14-16.27.23:027][  0]LogMeshReduction: No automatic skeletal mesh reduction module available
[2018.02.14-16.27.23:027][  0]LogMeshReduction: No automatic mesh merging module available
[2018.02.14-16.27.23:027][  0]LogMeshMerging: No automatic mesh merging module available
[2018.02.14-16.27.23:951][  0]LogNetVersion: GITJAM , NetCL: 3709383, EngineNetVer: 2, GameNetVer: 0 (Checksum: 887583033)
[2018.02.14-16.27.24:504][  0]LogMaterial: Missing cached shader map for material HelpActorMaterial, compiling. 
[2018.02.14-16.27.25:931][  0]LogMaterial: Missing cached shader map for material DefaultTextMaterialOpaque, compiling. 
[2018.02.14-16.27.26:702][  0]LogAssetRegistry: FAssetRegistry took 0.0344 seconds to start up
[2018.02.14-16.27.27:083][  0]LogMaterial: Missing cached shader map for material Xray, compiling. 
[2018.02.14-16.27.27:884][  0]LogMaterial: Missing cached shader map for material Main, compiling. 
[2018.02.14-16.27.32:534][  0]LogMaterial: Missing cached shader map for material TranslucentTransformGizmoMaterial, compiling. 
[2018.02.14-16.27.32:576][  0]LogMaterial: Missing cached shader map for material TransformGizmoMaterial, compiling. 
[2018.02.14-16.27.32:584][  0]LogMaterial: Missing cached shader map for material SnapGridMaterial, compiling. 
[2018.02.14-16.27.33:170][  0]LogMaterial: Missing cached shader map for material CineMat, compiling. 
[2018.02.14-16.27.33:886][  0]LogMaterial: Missing cached shader map for material M_SimpleOpaque, compiling. 
[2018.02.14-16.27.34:083][  0]LogMaterial: Missing cached shader map for material M_SimpleTranslucent, compiling. 
[2018.02.14-16.27.35:230][  0]LogMaterial: Missing cached shader map for material Widget3DPassThrough, compiling. 
[2018.02.14-16.27.35:254][  0]LogMaterial: Missing cached shader map for material Widget3DPassThrough, compiling. 
[2018.02.14-16.27.35:350][  0]LogMaterial: Missing cached shader map for material Widget3DPassThrough, compiling. 
[2018.02.14-16.27.35:392][  0]LogMaterial: Missing cached shader map for material Widget3DPassThrough, compiling. 
[2018.02.14-16.27.35:445][  0]LogMaterial: Missing cached shader map for material Widget3DPassThrough, compiling. 
[2018.02.14-16.27.35:502][  0]LogMaterial: Missing cached shader map for material Widget3DPassThrough, compiling. 
[2018.02.14-16.27.36:893][  0]LogMaterial: Missing cached shader map for material SkySphereMaterial, compiling. 
[2018.02.14-16.27.37:019][  0]LogMaterial: Missing cached shader map for material FloorPlaneMaterial, compiling. 
[2018.02.14-16.27.37:869][  0]LogMaterial: Missing cached shader map for material LandscapeGizmo_Mat, compiling. 
[2018.02.14-16.27.37:918][  0]LogMaterial: Missing cached shader map for material LandscapeGizmoHeight_Mat, compiling. 
[2018.02.14-16.27.38:055][  0]LogMaterial: Missing cached shader map for material SplineEditorMeshMat, compiling. 
[2018.02.14-16.27.38:368][  0]LogMaterial: Missing cached shader map for material ARKitCameraMaterial, compiling. 
[2018.02.14-16.27.38:633][  0]LogMaterial: Missing cached shader map for material GearVRControllerMaterial, compiling. 
[2018.02.14-16.27.39:063][  0]LogPackageLocalizationCache: Processed 7 localized package path(s) for 2 prioritized culture(s) in 0.268820 seconds
[2018.02.14-16.27.39:094][  0]LogUObjectArray: 35870 objects as part of root set at end of initial load.
[2018.02.14-16.27.39:094][  0]LogUObjectAllocator: 7363696 out of 0 bytes used by permanent object pool.
[2018.02.14-16.27.39:094][  0]LogUObjectArray: CloseDisregardForGC: 0/0 objects in disregard for GC pool
[2018.02.14-16.27.39:260][  0]LogInit: WinSock: version 1.1 (2.2), MaxSocks=32767, MaxUdp=65467
[2018.02.14-16.28.11:378][  0]LogMaterial: Missing cached shader map for material TeleportDirectionMaterial, compiling. 
[2018.02.14-16.28.11:445][  0]LogMaterial: Missing cached shader map for material LaserPointerMaterial, compiling. 
[2018.02.14-16.28.11:471][  0]LogMaterial: Missing cached shader map for material LaserPointerMaterial, compiling. 
[2018.02.14-16.28.11:508][  0]LogMaterial: Missing cached shader map for material GridPostProcess, compiling. 
[2018.02.14-16.28.11:534][  0]LogMaterial: Missing cached shader map for material VivePreControllerMaterial, compiling. 
[2018.02.14-16.28.11:569][  0]LogMaterial: Missing cached shader map for material OculusControllerMaterial, compiling. 
[2018.02.14-16.28.11:857][  0]LogMaterial: Missing cached shader map for material GenericHMDMaterial, compiling. 
[2018.02.14-16.28.11:907][  0]LogMaterial: Missing cached shader map for material KeyDiskMaterial, compiling. 
[2018.02.14-16.28.11:947][  0]LogMaterial: Missing cached shader map for material M_ContentWindow, compiling. 
[2018.02.14-16.28.12:032][  0]LogMaterial: Missing cached shader map for material GridMaterial, compiling. 
[2018.02.14-16.28.12:054][  0]LogMaterial: Missing cached shader map for material VRTextMaterial, compiling. 
[2018.02.14-16.28.12:086][  0]LogMaterial: Missing cached shader map for material FlattenHeightMat, compiling. 
[2018.02.14-16.28.12:114][  0]LogMaterial: Missing cached shader map for material ArrowMaterial, compiling. 
[2018.02.14-16.28.12:178][  0]LogMaterial: Missing cached shader map for material LineMaterial, compiling. 
[2018.02.14-16.28.12:226][  0]LogMaterial: Missing cached shader map for material VRTextMaterial, compiling. 
[2018.02.14-16.28.15:393][  0]LogMaterial: Missing cached shader map for material DefaultSpriteMaterial, compiling. 
[2018.02.14-16.28.15:428][  0]LogMaterial: Missing cached shader map for material DefaultSpriteMaterial, compiling. 
[2018.02.14-16.28.16:846][  0]LogTcpMessaging: Initializing TcpMessaging bridge
[2018.02.14-16.28.16:942][  0]LogUdpMessaging: Initializing bridge on interface 0.0.0.0:0 to multicast group 230.0.0.1:6666.
[2018.02.14-16.28.17:744][  0]LogMaterial: Missing cached shader map for material DefaultMaterial, compiling. 
[2018.02.14-16.28.19:443][  0]LogMaterial: Missing cached shader map for material BaseColor, compiling. 
[2018.02.14-16.28.19:460][  0]LogMaterial: Missing cached shader map for material CustomDepth, compiling. 
[2018.02.14-16.28.19:504][  0]LogMaterial: Uniform references updated for custom material expression Custom.
[2018.02.14-16.28.19:562][  0]LogMaterial: Missing cached shader map for material CustomStencil, compiling. 
[2018.02.14-16.28.19:581][  0]LogMaterial: Missing cached shader map for material FinalImage, compiling. 
[2018.02.14-16.28.19:600][  0]LogMaterial: Missing cached shader map for material LightingModel, compiling. 
[2018.02.14-16.28.19:617][  0]LogMaterial: Missing cached shader map for material MaterialAO, compiling. 
[2018.02.14-16.28.19:632][  0]LogMaterial: Missing cached shader map for material Metallic, compiling. 
[2018.02.14-16.28.19:646][  0]LogMaterial: Missing cached shader map for material Opacity, compiling. 
[2018.02.14-16.28.19:665][  0]LogMaterial: Missing cached shader map for material Roughness, compiling. 
[2018.02.14-16.28.19:681][  0]LogMaterial: Missing cached shader map for material SceneColor, compiling. 
[2018.02.14-16.28.19:699][  0]LogMaterial: Missing cached shader map for material SceneDepth, compiling. 
[2018.02.14-16.28.19:716][  0]LogMaterial: Missing cached shader map for material SeparateTranslucencyRGB, compiling. 
[2018.02.14-16.28.19:731][  0]LogMaterial: Missing cached shader map for material SeparateTranslucencyA, compiling. 
[2018.02.14-16.28.19:747][  0]LogMaterial: Missing cached shader map for material Specular, compiling. 
[2018.02.14-16.28.19:764][  0]LogMaterial: Missing cached shader map for material SubsurfaceColor, compiling. 
[2018.02.14-16.28.19:780][  0]LogMaterial: Missing cached shader map for material WorldNormal, compiling. 
[2018.02.14-16.28.19:796][  0]LogMaterial: Missing cached shader map for material AmbientOcclusion, compiling. 
[2018.02.14-16.28.19:827][  0]LogMaterial: Missing cached shader map for material CustomDepthWorldUnits, compiling. 
[2018.02.14-16.28.19:847][  0]LogMaterial: Missing cached shader map for material SceneDepthWorldUnits, compiling. 
[2018.02.14-16.28.19:866][  0]LogMaterial: Missing cached shader map for material PreTonemapHDRColor, compiling. 
[2018.02.14-16.28.19:883][  0]LogMaterial: Missing cached shader map for material PostTonemapHDRColor, compiling. 
[2018.02.14-16.28.20:996][  0]SourceControl: Source control is disabled
[2018.02.14-16.28.23:116][  0]LogMaterial: Missing cached shader map for material DefaultMediaPlaneMaterial, compiling. 
[2018.02.14-16.28.24:131][  0]LogAndroidPermission: UAndroidPermissionCallbackProxy::GetInstance
[2018.02.14-16.28.24:768][  0]LogOcInput: OculusInput pre-init called
[2018.02.14-16.28.25:502][  0]LogMaterial: Missing cached shader map for material HighResScreenshot, compiling. 
[2018.02.14-16.28.25:527][  0]LogMaterial: Missing cached shader map for material HighResScreenshotMask, compiling. 
[2018.02.14-16.28.25:559][  0]LogMaterial: Missing cached shader map for material HighResScreenshotCaptureRegion, compiling. 
[2018.02.14-16.28.25:887][  0]LogEngine: Initializing Engine...
[2018.02.14-16.28.25:929][  0]LogHMD: Failed to initialize OpenVR with code 110
[2018.02.14-16.28.25:937][  0]LogMaterial: Missing cached shader map for material WireframeMaterial, compiling. Is special engine material.
[2018.02.14-16.28.26:302][  0]LogMaterial: Missing cached shader map for material LevelColorationLitMaterial, compiling. Is special engine material.
[2018.02.14-16.28.27:326][  0]LogMaterial: Missing cached shader map for material LevelColorationUnlitMaterial, compiling. Is special engine material.
[2018.02.14-16.28.27:651][  0]LogMaterial: Missing cached shader map for material MAT_LevelColorationLitLightmapUV, compiling. Is special engine material.
[2018.02.14-16.28.28:686][  0]LogMaterial: Missing cached shader map for material ShadedLevelColorationLitMaterial, compiling. Is special engine material.
[2018.02.14-16.28.29:647][  0]LogMaterial: Missing cached shader map for material ShadedLevelColorationUnlitMateri, compiling. Is special engine material.
[2018.02.14-16.28.29:975][  0]LogMaterial: Missing cached shader map for material VertexColorMaterial, compiling. 
[2018.02.14-16.28.30:132][  0]LogMaterial: Missing cached shader map for material VertexColorViewMode_ColorOnly, compiling. 
[2018.02.14-16.28.30:217][  0]LogMaterial: Missing cached shader map for material VertexColorViewMode_AlphaAsColor, compiling. 
[2018.02.14-16.28.30:254][  0]LogMaterial: Missing cached shader map for material VertexColorViewMode_RedOnly, compiling. 
[2018.02.14-16.28.30:286][  0]LogMaterial: Missing cached shader map for material VertexColorViewMode_GreenOnly, compiling. 
[2018.02.14-16.28.30:320][  0]LogMaterial: Missing cached shader map for material VertexColorViewMode_BlueOnly, compiling. 
[2018.02.14-16.28.30:374][  0]LogMaterial: Missing cached shader map for material RemoveSurfaceMaterial, compiling. 
[2018.02.14-16.28.30:403][  0]LogMaterial: Missing cached shader map for material DebugMeshMaterial, compiling. 
[2018.02.14-16.28.30:470][  0]LogMaterial: Missing cached shader map for material M_InvalidLightmapSettings, compiling. 
[2018.02.14-16.28.30:571][  0]LogMaterial: Missing cached shader map for material GizmoMaterial, compiling. 
[2018.02.14-16.28.30:625][  0]LogMaterial: Missing cached shader map for material PhAT_JointLimitMaterial, compiling. 
[2018.02.14-16.28.30:696][  0]LogMaterial: Missing cached shader map for material GeomMaterial, compiling. 
[2018.02.14-16.28.30:740][  0]LogMaterial: Missing cached shader map for material EditorBrushMaterial, compiling. 
[2018.02.14-16.28.30:780][  0]LogMaterial: Missing cached shader map for material BoneWeightMaterial, compiling. 
[2018.02.14-16.28.30:968][  0]LogMaterial: Missing cached shader map for material ClothMaterial, compiling. 
[2018.02.14-16.28.30:998][  0]LogMaterial: Missing cached shader map for material ClothMaterial_WF, compiling. 
[2018.02.14-16.28.31:039][  0]LogMaterial: Missing cached shader map for material DebugEditorMaterial, compiling. 
[2018.02.14-16.28.31:112][  0]LogMaterial: Missing cached shader map for material PreviewShadowIndicatorMaterial, compiling. 
[2018.02.14-16.28.31:824][  0]LogStats: UGameplayTagsManager::ConstructGameplayTagTree: Construct from data asset -  0.000 s
[2018.02.14-16.28.31:824][  0]LogStats: UGameplayTagsManager::ConstructGameplayTagTree: GameplayTagTreeChangedEvent.Broadcast -  0.000 s
[2018.02.14-16.28.32:781][  0]LogAIModule: Creating AISystem for world Untitled
[2018.02.14-16.28.32:967][  0]LogInit: XAudio2 using 'Speakers/Headphones (Realtek High Definition Audio)' : 2 channels at 48 kHz using 32 bits per sample (channel mask 0x3)
[2018.02.14-16.28.33:006][  0]LogInit: FAudioDevice initialized.
[2018.02.14-16.28.33:388][  0]LogDerivedDataCache: Saved boot cache 0.38s 69MB C:/Users/Jcrib/AppData/Local/UnrealEngine/4.18/DerivedDataCache/Boot.ddc.
[2018.02.14-16.28.33:411][  0]LogInit: Texture streaming: Enabled
[2018.02.14-16.28.33:922][  0]LogEngineSessionManager: EngineSessionManager initialized
[2018.02.14-16.28.34:832][  0]LogInit: Transaction tracking system initialized
[2018.02.14-16.28.38:251][  0]BlueprintLog: New page: Editor Load
[2018.02.14-16.28.44:526][  0]LocalizationService: Localization service is disabled
[2018.02.14-16.28.49:276][  0]LogConsoleResponse: Display: 
[2018.02.14-16.28.49:681][  0]LogMaterial: Missing cached shader map for material Cross_Mat, compiling. 
[2018.02.14-16.28.49:720][  0]LogMaterial: Missing cached shader map for material PhAT_BoneSelectedMaterial, compiling. 
[2018.02.14-16.28.49:746][  0]LogMaterial: Missing cached shader map for material PhAT_ElemSelectedMaterial, compiling. 
[2018.02.14-16.28.49:778][  0]LogMaterial: Missing cached shader map for material PhAT_NoCollisionMaterial, compiling. 
[2018.02.14-16.28.49:807][  0]LogMaterial: Missing cached shader map for material PhAT_UnselectedMaterial, compiling. 
[2018.02.14-16.28.49:958][  0]LogMaterial: Missing cached shader map for material Tick_Mat, compiling. 
[2018.02.14-16.28.50:108][  0]LogMaterial: Missing cached shader map for material WidgetGridVertexColorMaterial_Ma, compiling. 
[2018.02.14-16.28.50:148][  0]LogMaterial: Missing cached shader map for material WidgetMaterial, compiling. 
[2018.02.14-16.28.50:206][  0]LogMaterial: Missing cached shader map for material WidgetMaterial_Current, compiling. 
[2018.02.14-16.28.50:249][  0]LogMaterial: Missing cached shader map for material WidgetMaterial_X, compiling. 
[2018.02.14-16.28.50:301][  0]LogMaterial: Missing cached shader map for material WidgetMaterial_Y, compiling. 
[2018.02.14-16.28.50:391][  0]LogMaterial: Missing cached shader map for material WidgetMaterial_Z, compiling. 
[2018.02.14-16.28.50:483][  0]LogMaterial: Missing cached shader map for material WidgetVertexColorMaterial, compiling. 
[2018.02.14-16.28.50:781][  0]LogMaterial: Missing cached shader map for material LevelGridMaterial, compiling. 
[2018.02.14-16.28.51:413][  0]LogMaterial: Missing cached shader map for material BlinkingCaret, compiling. 
[2018.02.14-16.28.52:206][  0]LogMaterial: Missing cached shader map for material M_StreamingPause, compiling. 
[2018.02.14-16.28.52:406][  0]LogFileCache: Scanning file cache for directory 'C:/Users/Jcrib/Downloads/throwbackJam/gitThrowbackJam/GITJAM/GITJAM/Content/' took 0.03s
[2018.02.14-16.28.52:406][  0]LogCook: Display: Max memory allowance for cook 16384mb min free memory 0mb
[2018.02.14-16.28.52:406][  0]LogCook: Display: Mobile HDR setting 1
[2018.02.14-16.28.52:430][  0]LogGameplayTags: Display: UGameplayTagsManager::DoneAddingNativeTags. DelegateIsBound: 0
[2018.02.14-16.29.01:415][  0]Cmd: MAP LOAD FILE="../../../../../../Users/Jcrib/Downloads/throwbackJam/gitThrowbackJam/GITJAM/GITJAM/Content/FirstPersonBP/Maps/FirstPersonExampleMap.umap" TEMPLATE=0 SHOWPROGRESS=1 FEATURELEVEL=3
[2018.02.14-16.29.01:519][  0]LightingResults: New page: Lighting Build
[2018.02.14-16.29.01:937][  0]MapCheck: New page: Map Check
[2018.02.14-16.29.01:937][  0]LightingResults: New page: Lighting Build
[2018.02.14-16.29.05:573][  0]LogLinker: Warning: Can't find file '/Game/FirstPersonBP/Maps/FirstPersonExampleMap_BuiltData'
[2018.02.14-16.29.05:573][  0]LogLinker: Warning: Can't find file for asset '/Game/FirstPersonBP/Maps/FirstPersonExampleMap_BuiltData' while loading ../../../../../../Users/Jcrib/Downloads/throwbackJam/gitThrowbackJam/GITJAM/GITJAM/Content/FirstPersonBP/Maps/FirstPersonExampleMap.umap.
[2018.02.14-16.29.05:573][  0]LoadErrors: Error: /Game/FirstPersonBP/Maps/FirstPersonExampleMap : Can't find file for asset. /Game/FirstPersonBP/Maps/FirstPersonExampleMap_BuiltData
[2018.02.14-16.29.05:650][  0]LogLinker: Warning: Can't find file '/Game/FirstPersonBP/Maps/FirstPersonExampleMap_BuiltData'
[2018.02.14-16.29.05:650][  0]LogLinker: Warning: Can't find file for asset '/Game/FirstPersonBP/Maps/FirstPersonExampleMap_BuiltData' while loading ../../../../../../Users/Jcrib/Downloads/throwbackJam/gitThrowbackJam/GITJAM/GITJAM/Content/FirstPersonBP/Maps/FirstPersonExampleMap.umap.
[2018.02.14-16.29.05:650][  0]LoadErrors: Error: /Game/FirstPersonBP/Maps/FirstPersonExampleMap : Can't find file for asset. /Game/FirstPersonBP/Maps/FirstPersonExampleMap_BuiltData
[2018.02.14-16.29.05:660][  0]LogLinker: Warning: Can't find file '/Game/FirstPersonBP/Maps/FirstPersonExampleMap_BuiltData'
[2018.02.14-16.29.05:660][  0]LogLinker: Warning: Can't find file for asset '/Game/FirstPersonBP/Maps/FirstPersonExampleMap_BuiltData' while loading NULL.
[2018.02.14-16.29.05:660][  0]LogLinker: Warning: Can't find file '/Game/FirstPersonBP/Maps/FirstPersonExampleMap_BuiltData'
[2018.02.14-16.29.05:661][  0]LogLinker: Warning: Can't find file for asset '/Game/FirstPersonBP/Maps/FirstPersonExampleMap_BuiltData' while loading NULL.
[2018.02.14-16.29.05:761][  0]LogLinker: Warning: Can't find file '/Game/FirstPersonBP/Maps/FirstPersonExampleMap_BuiltData'
[2018.02.14-16.29.05:761][  0]LoadErrors: Failed to load /Game/FirstPersonBP/Maps/FirstPersonExampleMap_BuiltData.FirstPersonExampleMap_BuiltData Referenced by PersistentLevel
[2018.02.14-16.29.05:762][  0]LogLinker: Warning: Can't find file for asset '/Game/FirstPersonBP/Maps/FirstPersonExampleMap_BuiltData' while loading NULL.
[2018.02.14-16.29.05:762][  0]LoadErrors: Failed to load /Game/FirstPersonBP/Maps/FirstPersonExampleMap_BuiltData.FirstPersonExampleMap_BuiltData Referenced by PersistentLevel
[2018.02.14-16.29.06:112][  0]LogMaterial: Missing cached shader map for material CubeMaterial, compiling. 
[2018.02.14-16.29.07:188][  0]LogTexture: Display: Building textures: FirstPersonCrosshair (AutoDXT, 16X16)
[2018.02.14-16.29.07:433][  0]LogMaterial: Missing cached shader map for material M_Sky_Panning_Clouds2, compiling. 
[2018.02.14-16.29.07:516][  0]LogAnimationCompression: Building Anim DDC data for AnimSequence /Game/FirstPerson/Animations/FirstPerson_JumpEnd.FirstPerson_JumpEnd
[2018.02.14-16.29.07:536][  0]LogAnimationCompression: Recompressing (AnimSequence /Game/FirstPerson/Animations/FirstPerson_JumpEnd.FirstPerson_JumpEnd) using current/default (AnimCompress_RemoveLinearKeys_3) bFirstRecompressUsingCurrentOrDefault(1) bTryAlternateCompressor(0) IsCompressedDataValid(0)
[2018.02.14-16.29.07:690][  0]LogMaterial: Missing cached shader map for material M_FPGun, compiling. 
[2018.02.14-16.29.07:912][  0]LogMaterial: Missing cached shader map for material M_UE4Man_Body, compiling. 
[2018.02.14-16.29.08:120][  0]LogMaterial: Missing cached shader map for material BaseMaterial, compiling. 
[2018.02.14-16.29.08:228][  0]LogMaterial: Missing cached shader map for material AntiAliasedTextMaterialTranslucent, compiling. 
[2018.02.14-16.29.08:356][  0]LogAIModule: Creating AISystem for world FirstPersonExampleMap
[2018.02.14-16.29.09:752][  0]LogEditorServer: Finished looking for orphan Actors (0.000 secs)
[2018.02.14-16.29.09:955][  0]Cmd: MAP CHECKDEP NOCLEARLOG
[2018.02.14-16.29.10:090][  0]MapCheck: Map check complete: 0 Error(s), 0 Warning(s), took 134.575ms to complete.
[2018.02.14-16.29.10:090][  0]LogFileHelpers: Loading map 'FirstPersonExampleMap' took 8.724
[2018.02.14-16.29.12:862][  0]LogCollectionManager: Loaded 0 collections in 0.003727 seconds
[2018.02.14-16.29.13:162][  0]LogFileCache: Scanning file cache for directory 'C:/Users/Jcrib/Downloads/throwbackJam/gitThrowbackJam/GITJAM/GITJAM/Saved/Collections/' took 0.01s
[2018.02.14-16.29.13:162][  0]LogFileCache: Scanning file cache for directory 'C:/Users/Jcrib/Downloads/throwbackJam/gitThrowbackJam/GITJAM/GITJAM/Content/Developers/Jcrib/Collections/' took 0.01s
[2018.02.14-16.29.13:162][  0]LogFileCache: Scanning file cache for directory 'C:/Users/Jcrib/Downloads/throwbackJam/gitThrowbackJam/GITJAM/GITJAM/Content/Collections/' took 0.01s
[2018.02.14-16.29.13:162][  0]LogCollectionManager: Rebuilt the GUID cache for 0 collections in 0.000000 seconds
[2018.02.14-16.29.13:212][  0]LogContentBrowser: Native class hierarchy populated in 0.0474 seconds. Added 2363 classes and 519 folders.
[2018.02.14-16.29.13:469][  0]LogContentBrowser: Native class hierarchy updated for 'WidgetCarousel' in 0.0004 seconds. Added 0 classes and 0 folders.
[2018.02.14-16.29.19:493][  0]LogContentBrowser: Native class hierarchy updated for 'AddContentDialog' in 0.0004 seconds. Added 0 classes and 0 folders.
[2018.02.14-16.29.19:764][  0]LogContentBrowser: Native class hierarchy updated for 'SceneOutliner' in 0.0004 seconds. Added 1 classes and 2 folders.
[2018.02.14-16.29.22:664][  0]LogContentBrowser: Native class hierarchy updated for 'HierarchicalLODOutliner' in 0.0006 seconds. Added 1 classes and 2 folders.
[2018.02.14-16.29.22:664][  0]LogLoad: (Engine Initialization) Total time: 228.57 seconds
[2018.02.14-16.29.22:664][  0]LogLoad: (Engine Initialization) Total Blueprint compile time: 0.00 seconds
[2018.02.14-16.29.22:664][  0]LogExternalProfiler: Found external profiler: VSPerf
[2018.02.14-16.29.22:664][  0]LogExternalProfiler: Using external profiler: VSPerf
[2018.02.14-16.29.23:239][  0]LogContentStreaming: Texture pool size now 1000 MB
[2018.02.14-16.29.23:732][  0]LogSlate: Took 0.093326 seconds to synchronously load lazily loaded font '../../../Engine/Content/Slate/Fonts/Roboto-Regular.ttf' (155K)
[2018.02.14-16.29.23:809][  0]LogSlate: Took 0.074776 seconds to synchronously load lazily loaded font '../../../Engine/Content/Slate/Fonts/Roboto-Bold.ttf' (160K)
[2018.02.14-16.29.23:866][  0]LogSlate: Took 0.020783 seconds to synchronously load lazily loaded font '../../../Engine/Content/Editor/Slate/Fonts/FontAwesome.ttf' (139K)
[2018.02.14-16.29.24:908][  0]LogMaterial: Missing cached shader map for material LevelGridMaterial2, compiling. 
[2018.02.14-16.29.25:541][  1]LogRenderer: Reallocating scene render targets to support 840x400 Format 10 NumSamples 1 (Frame:1).
[2018.02.14-16.29.29:331][  4]LogSlate: Took 0.027929 seconds to synchronously load lazily loaded font '../../../Engine/Content/Slate/Fonts/Roboto-Light.ttf' (159K)
[2018.02.14-16.29.29:706][  7]LogAssetRegistry: Asset discovery search completed in 123.0271 seconds
[2018.02.14-16.29.29:716][  7]LogCollectionManager: Rebuilt the object cache for 0 collections in 0.000003 seconds (found 0 objects)
[2018.02.14-16.29.29:716][  7]LogCollectionManager: Fixed up redirectors for 0 collections in 0.000272 seconds (updated 0 objects)
[2018.02.14-16.30.01:756][103]LogSlate: Took 0.016396 seconds to synchronously load lazily loaded font '../../../Engine/Content/Slate/Fonts/Roboto-Light.ttf' (159K)
[2018.02.14-16.35.07:214][157]LogSlate: Took 0.017332 seconds to synchronously load lazily loaded font '../../../Engine/Content/Slate/Fonts/Roboto-Light.ttf' (159K)
[2018.02.14-16.35.07:380][157]LogLinker: Warning: Can't find file '/Game/Maps/main_BuiltData'
[2018.02.14-16.35.07:380][157]LogLinker: Warning: Can't find file for asset '/Game/Maps/main_BuiltData' while loading ../../../../../../Users/Jcrib/Downloads/throwbackJam/gitThrowbackJam/GITJAM/GITJAM/Content/Maps/main.umap.
[2018.02.14-16.35.07:380][157]LoadErrors: Error: /Game/Maps/main : Can't find file for asset. /Game/Maps/main_BuiltData
[2018.02.14-16.35.07:405][157]LogLinker: Warning: Can't find file '/Game/Maps/main_BuiltData'
[2018.02.14-16.35.07:405][157]LogLinker: Warning: Can't find file for asset '/Game/Maps/main_BuiltData' while loading ../../../../../../Users/Jcrib/Downloads/throwbackJam/gitThrowbackJam/GITJAM/GITJAM/Content/Maps/main.umap.
[2018.02.14-16.35.07:408][157]LogLinker: Warning: Can't find file '/Game/Maps/main_BuiltData'
[2018.02.14-16.35.07:409][157]LoadErrors: Failed to load /Game/Maps/main_BuiltData.main_BuiltData Referenced by PersistentLevel
[2018.02.14-16.35.07:409][157]LogLinker: Warning: Can't find file for asset '/Game/Maps/main_BuiltData' while loading NULL.
[2018.02.14-16.35.07:636][157]LogMaterial: Missing cached shader map for material M_Rock_Slate, compiling. 
[2018.02.14-16.35.07:687][157]LogMaterial: Missing cached shader map for material BasicShapeMaterial, compiling. 
[2018.02.14-16.35.07:743][157]LogMaterial: Missing cached shader map for material M_Basic_Wall, compiling. 
[2018.02.14-16.35.07:771][157]LogAIModule: Creating AISystem for world main
[2018.02.14-16.35.08:079][157]Cmd: MAP LOAD FILE="../../../../../../Users/Jcrib/Downloads/throwbackJam/gitThrowbackJam/GITJAM/GITJAM/Content/Maps/main.umap" TEMPLATE=0 SHOWPROGRESS=1 FEATURELEVEL=3
[2018.02.14-16.35.08:080][157]LightingResults: New page: Lighting Build
[2018.02.14-16.35.08:085][157]LoadErrors: New page: Loading map: main.umap
[2018.02.14-16.35.08:130][157]MapCheck: New page: Map Check
[2018.02.14-16.35.08:130][157]LightingResults: New page: Lighting Build
[2018.02.14-16.35.08:282][157]LogEditorServer: Finished looking for orphan Actors (0.000 secs)
[2018.02.14-16.35.08:364][157]Cmd: MAP CHECKDEP NOCLEARLOG
[2018.02.14-16.35.08:468][157]MapCheck: Map check complete: 0 Error(s), 0 Warning(s), took 103.705ms to complete.
[2018.02.14-16.35.08:468][157]LogFileHelpers: Loading map 'main' took 0.450
[2018.02.14-16.36.27:757][283]LogRenderer: Reallocating scene render targets to support 1080x576 Format 10 NumSamples 1 (Frame:2998).
[2018.02.14-16.36.30:414][438]LogRenderer: Reallocating scene render targets to support 1080x584 Format 10 NumSamples 1 (Frame:3146).
[2018.02.14-16.36.30:457][439]LogRenderer: Reallocating scene render targets to support 1080x588 Format 10 NumSamples 1 (Frame:3148).
[2018.02.14-16.36.30:504][440]LogRenderer: Reallocating scene render targets to support 1080x600 Format 10 NumSamples 1 (Frame:3150).
[2018.02.14-16.36.30:547][441]LogRenderer: Reallocating scene render targets to support 1080x608 Format 10 NumSamples 1 (Frame:3152).
[2018.02.14-16.36.30:587][442]LogRenderer: Reallocating scene render targets to support 1080x612 Format 10 NumSamples 1 (Frame:3154).
[2018.02.14-16.36.30:627][443]LogRenderer: Reallocating scene render targets to support 1080x624 Format 10 NumSamples 1 (Frame:3156).
[2018.02.14-16.36.30:666][444]LogRenderer: Reallocating scene render targets to support 1080x632 Format 10 NumSamples 1 (Frame:3158).
[2018.02.14-16.36.30:707][445]LogRenderer: Reallocating scene render targets to support 1080x636 Format 10 NumSamples 1 (Frame:3160).
[2018.02.14-16.36.30:747][446]LogRenderer: Reallocating scene render targets to support 1080x640 Format 10 NumSamples 1 (Frame:3162).
[2018.02.14-16.36.30:787][447]LogRenderer: Reallocating scene render targets to support 1080x644 Format 10 NumSamples 1 (Frame:3164).
[2018.02.14-16.36.31:937][509]LogRenderer: Reallocating scene render targets to support 1080x648 Format 10 NumSamples 1 (Frame:3176).
[2018.02.14-16.36.39:695][877]LogSlate: Took 0.030292 seconds to synchronously load lazily loaded font '../../../Engine/Content/Slate/Fonts/Roboto-Regular.ttf' (155K)
[2018.02.14-16.36.41:013][877]LogContentBrowser: Native class hierarchy updated for 'BlueprintGraph' in 0.0181 seconds. Added 116 classes and 0 folders.
[2018.02.14-16.36.43:863][877]LogMaterial: Missing cached shader map for material GridMaterial, compiling. 
[2018.02.14-16.36.44:051][877]LogMaterial: Missing cached shader map for material PersonaFloorMat, compiling. 
[2018.02.14-16.36.45:134][877]LogSlate: Took 0.025190 seconds to synchronously load lazily loaded font '../../../Engine/Content/Editor/Slate/Fonts/Roboto-BoldCondensed.ttf' (158K)
[2018.02.14-16.36.46:355][878]LogSlate: Took 0.037083 seconds to synchronously load lazily loaded font '../../../Engine/Content/Editor/Slate/Fonts/Roboto-Italic.ttf' (157K)
[2018.02.14-16.45.07:469][175]LogFileHelpers: Editor autosave (incl. sublevels) for '/Game/Maps/main' took 0.072
[2018.02.14-16.45.07:519][175]OBJ SavePackage: Generating thumbnails for [1] asset(s) in package [/Game/BLUEPRINTS/BP_Player] ([1] browsable assets)...
[2018.02.14-16.45.07:601][175]OBJ SavePackage:     Rendered thumbnail for [Blueprint /Game/BLUEPRINTS/BP_Player.BP_Player]
[2018.02.14-16.45.07:601][175]OBJ SavePackage: Finished generating thumbnails for package [/Game/BLUEPRINTS/BP_Player]
[2018.02.14-16.45.07:891][175]LogSavePackage: Save=204.56ms
[2018.02.14-16.45.07:891][175]LogSavePackage: Moving '../../../../../../Users/Jcrib/Downloads/throwbackJam/gitThrowbackJam/GITJAM/GITJAM/Saved/BP_Player_Auto1592A5C14466A934E4369DD83AE6ECF3D.tmp' to '../../../../../../Users/Jcrib/Downloads/throwbackJam/gitThrowbackJam/GITJAM/GITJAM/Saved/Autosaves/Game/BLUEPRINTS/BP_Player_Auto1.uasset'
[2018.02.14-16.45.07:925][175]LogSavePackage: Display: Finished SavePackage ../../../../../../Users/Jcrib/Downloads/throwbackJam/gitThrowbackJam/GITJAM/GITJAM/Saved/Autosaves/Game/BLUEPRINTS/BP_Player_Auto1.uasset
[2018.02.14-16.45.07:926][175]LogFileHelpers: Auto-saving content packages took 0.455
[2018.02.14-16.46.58:550][978]LogSlate: Only BGRA pngs, bmps or icos are supported in by External Image Picker
[2018.02.14-16.46.58:772][978]LogTemp: Executing iPhonePackager certificates Engine -bundlename com.YourCompany.GITJAM
[2018.02.14-16.46.58:772][978]LogTemp: CWD: C:\Program Files\Epic Games\UE_4.18\Engine\Binaries\DotNET\IOS
[2018.02.14-16.46.58:772][978]LogTemp: Initial Dir: C:\Program Files\Epic Games\UE_4.18
[2018.02.14-16.46.58:772][978]LogTemp: Env CWD: C:\Program Files\Epic Games\UE_4.18\Engine\Binaries\DotNET\IOS
[2018.02.14-16.46.58:814][980]LogTemp: BranchPath = RIDENTEM-WORK-L/C/Program Files/Epic Games/UE_4.18/Engine/Binaries --- GameBranchPath = RIDENTEM-WORK-L/C/Program Files/Epic Games/UE_4.18/Engine/Binaries
[2018.02.14-16.46.58:969][985]LogTemp: IPP ERROR: Could not find provision directory 'C:\Users\Jcrib\AppData\Local/Apple Computer/MobileDevice/Provisioning Profiles/'.
[2018.02.14-16.55.08:503][461]LogFileHelpers: Editor autosave (incl. sublevels) for '/Game/Maps/main' took 0.022
[2018.02.14-16.55.08:504][461]OBJ SavePackage: Generating thumbnails for [1] asset(s) in package [/Game/BLUEPRINTS/BP_Player] ([1] browsable assets)...
[2018.02.14-16.55.08:527][461]OBJ SavePackage:     Rendered thumbnail for [Blueprint /Game/BLUEPRINTS/BP_Player.BP_Player]
[2018.02.14-16.55.08:527][461]OBJ SavePackage: Finished generating thumbnails for package [/Game/BLUEPRINTS/BP_Player]
[2018.02.14-16.55.08:588][461]LogSavePackage: Save=49.76ms
[2018.02.14-16.55.08:588][461]LogSavePackage: Moving '../../../../../../Users/Jcrib/Downloads/throwbackJam/gitThrowbackJam/GITJAM/GITJAM/Saved/BP_Player_Auto249E052244E8FC152C23D4495E4036614.tmp' to '../../../../../../Users/Jcrib/Downloads/throwbackJam/gitThrowbackJam/GITJAM/GITJAM/Saved/Autosaves/Game/BLUEPRINTS/BP_Player_Auto2.uasset'
[2018.02.14-16.55.08:590][461]LogSavePackage: Display: Finished SavePackage ../../../../../../Users/Jcrib/Downloads/throwbackJam/gitThrowbackJam/GITJAM/GITJAM/Saved/Autosaves/Game/BLUEPRINTS/BP_Player_Auto2.uasset
[2018.02.14-16.55.08:590][461]LogFileHelpers: Auto-saving content packages took 0.087
[2018.02.14-17.03.13:782][ 33]BlueprintLog: New page: Compile BP_Player
[2018.02.14-17.03.16:570][ 48]Cmd: OBJ SAVEPACKAGE PACKAGE="/Game/BLUEPRINTS/BP_Player" FILE="../../../../../../Users/Jcrib/Downloads/throwbackJam/gitThrowbackJam/GITJAM/GITJAM/Content/BLUEPRINTS/BP_Player.uasset" SILENT=true
[2018.02.14-17.03.16:805][ 48]LogSavePackage: Save=195.86ms
[2018.02.14-17.03.16:805][ 48]LogSavePackage: Moving '../../../../../../Users/Jcrib/Downloads/throwbackJam/gitThrowbackJam/GITJAM/GITJAM/Saved/BP_Player80D07783492E3C43C967D58A92CC0B22.tmp' to '../../../../../../Users/Jcrib/Downloads/throwbackJam/gitThrowbackJam/GITJAM/GITJAM/Content/BLUEPRINTS/BP_Player.uasset'
[2018.02.14-17.03.16:832][ 48]LogSavePackage: Display: Finished SavePackage ../../../../../../Users/Jcrib/Downloads/throwbackJam/gitThrowbackJam/GITJAM/GITJAM/Content/BLUEPRINTS/BP_Player.uasset
[2018.02.14-17.03.38:615][828]LogTemp: Repeating last play command: Selected Viewport
[2018.02.14-17.03.41:181][828]LogPlayLevel: PlayLevel: No blueprints needed recompiling
[2018.02.14-17.03.41:255][828]PIE: New page: PIE session: main (Feb 14, 2018, 7:03:41 AM)
[2018.02.14-17.03.41:270][828]LogPlayLevel: Creating play world package: /Game/Maps/UEDPIE_0_main
[2018.02.14-17.03.41:295][828]LogPlayLevel: PIE: StaticDuplicateObject took: (0.024910s)
[2018.02.14-17.03.41:296][828]LogAIModule: Creating AISystem for world main
[2018.02.14-17.03.41:309][828]LogPlayLevel: PIE: World Init took: (0.014139s)
[2018.02.14-17.03.41:321][828]LogPlayLevel: PIE: Created PIE world by copying editor world from /Game/Maps/main.main to /Game/Maps/UEDPIE_0_main.main (0.051412s)
[2018.02.14-17.03.41:391][828]LogInit: XAudio2 using 'Speakers/Headphones (Realtek High Definition Audio)' : 2 channels at 48 kHz using 32 bits per sample (channel mask 0x3)
[2018.02.14-17.03.41:417][828]LogInit: FAudioDevice initialized.
[2018.02.14-17.03.41:469][828]LogLoad: Game class is 'GM_Tutorial_C'
[2018.02.14-17.03.41:608][828]LogWorld: Bringing World /Game/Maps/UEDPIE_0_main.main up for play (max tick rate 60) at 2018.02.14-12.03.41
[2018.02.14-17.03.41:619][828]LogWorld: Bringing up level for play took: 0.029205
[2018.02.14-17.03.41:894][828]LogContentBrowser: Native class hierarchy updated for 'MovieSceneCapture' in 0.0007 seconds. Added 11 classes and 0 folders.
[2018.02.14-17.03.41:941][828]PIE: Play in editor start time for /Game/Maps/UEDPIE_0_main 0.139
[2018.02.14-17.04.43:200][534]LogInit: XAudio2 using 'Speakers/Headphones (Realtek High Definition Audio)' : 2 channels at 48 kHz using 32 bits per sample (channel mask 0x3)
[2018.02.14-17.34.38:881][ 25]LogRenderer: Reallocating scene render targets to support 1144x900 Format 10 NumSamples 1 (Frame:1).
[2018.02.14-17.36.30:441][716]LogFileHelpers: Editor autosave (incl. sublevels) for '/Game/Maps/main' took 0.046
[2018.02.14-17.36.30:447][716]OBJ SavePackage: Generating thumbnails for [1] asset(s) in package [/Game/BLUEPRINTS/BP_Player] ([1] browsable assets)...
[2018.02.14-17.36.30:496][716]OBJ SavePackage:     Rendered thumbnail for [Blueprint /Game/BLUEPRINTS/BP_Player.BP_Player]
[2018.02.14-17.36.30:496][716]OBJ SavePackage: Finished generating thumbnails for package [/Game/BLUEPRINTS/BP_Player]
[2018.02.14-17.36.30:639][716]LogSavePackage: Save=104.08ms
[2018.02.14-17.36.30:639][716]LogSavePackage: Moving '../../../../../../Users/Jcrib/Downloads/throwbackJam/gitThrowbackJam/GITJAM/GITJAM/Saved/BP_Player_Auto3AEE2999D40ABA8F31C7687ACF3B81277.tmp' to '../../../../../../Users/Jcrib/Downloads/throwbackJam/gitThrowbackJam/GITJAM/GITJAM/Saved/Autosaves/Game/BLUEPRINTS/BP_Player_Auto3.uasset'
[2018.02.14-17.36.30:641][716]LogSavePackage: Display: Finished SavePackage ../../../../../../Users/Jcrib/Downloads/throwbackJam/gitThrowbackJam/GITJAM/GITJAM/Saved/Autosaves/Game/BLUEPRINTS/BP_Player_Auto3.uasset
[2018.02.14-17.36.30:641][716]LogFileHelpers: Auto-saving content packages took 0.199
[2018.02.14-17.39.06:354][251]LogEditorTransaction: Undo Add Node
[2018.02.14-17.40.06:083][129]LogD3D11RHI: Error: Result failed 
 at D:\Build\++UE4+Release-4.18+Compile\Sync\Engine\Source\Runtime\Windows\D3D11RHI\Private\D3D11Viewport.cpp:289 
 with error DXGI_ERROR_DEVICE_REMOVED DXGI_ERROR_DRIVER_INTERNAL_ERROR
[2018.02.14-17.40.06:083][129]LogWindows: Windows GetLastError: The operation completed successfully. (0)
[2018.02.14-17.40.12:924][129]LogWindows: Windows GetLastError: The operation completed successfully. (0)
[2018.02.14-17.40.12:992][129]LogWindows: Error: === Critical error: ===
[2018.02.14-17.40.12:992][129]LogWindows: Error: 
[2018.02.14-17.40.12:992][129]LogWindows: Error: Fatal error: [File:D:\Build\++UE4+Release-4.18+Compile\Sync\Engine\Source\Runtime\RenderCore\Private\RenderingThread.cpp] [Line: 813] 
[2018.02.14-17.40.12:992][129]LogWindows: Error: Rendering thread exception:
[2018.02.14-17.40.12:992][129]LogWindows: Error: Fatal error: [File:D:\Build\++UE4+Release-4.18+Compile\Sync\Engine\Source\Runtime\Windows\D3D11RHI\Private\D3D11Util.cpp] [Line: 182] 
[2018.02.14-17.40.12:992][129]LogWindows: Error: Unreal Engine is exiting due to D3D device being lost. (Error: 0x887A0020 - 'INTERNAL_ERROR')
[2018.02.14-17.40.12:992][129]LogWindows: Error: 
[2018.02.14-17.40.12:992][129]LogWindows: Error: 
[2018.02.14-17.40.12:992][129]LogWindows: Error: [Callstack] 0x00000000FFB93FB8 KERNELBASE.dll!UnknownFunction []
[2018.02.14-17.40.12:992][129]LogWindows: Error: [Callstack] 0x00000000DF6176D4 UE4Editor-ApplicationCore.dll!UnknownFunction []
[2018.02.14-17.40.12:992][129]LogWindows: Error: [Callstack] 0x00000000B984330B UE4Editor-Core.dll!UnknownFunction []
[2018.02.14-17.40.12:992][129]LogWindows: Error: [Callstack] 0x00000000B97D47F9 UE4Editor-Core.dll!UnknownFunction []
[2018.02.14-17.40.12:992][129]LogWindows: Error: [Callstack] 0x00000000A08879FF UE4Editor-D3D11RHI.dll!UnknownFunction []
[2018.02.14-17.40.12:993][129]LogWindows: Error: [Callstack] 0x00000000A088BBC0 UE4Editor-D3D11RHI.dll!UnknownFunction []
[2018.02.14-17.40.12:993][129]LogWindows: Error: [Callstack] 0x00000000A086B3FA UE4Editor-D3D11RHI.dll!UnknownFunction []
[2018.02.14-17.40.12:993][129]LogWindows: Error: [Callstack] 0x00000000A086B35E UE4Editor-D3D11RHI.dll!UnknownFunction []
[2018.02.14-17.40.12:993][129]LogWindows: Error: [Callstack] 0x00000000A08783E8 UE4Editor-D3D11RHI.dll!UnknownFunction []
[2018.02.14-17.40.12:993][129]LogWindows: Error: [Callstack] 0x00000000D97BE4F7 UE4Editor-RHI.dll!UnknownFunction []
[2018.02.14-17.40.12:993][129]LogWindows: Error: [Callstack] 0x00000000A0650B45 UE4Editor-SlateRHIRenderer.dll!UnknownFunction []
[2018.02.14-17.40.12:993][129]LogWindows: Error: [Callstack] 0x00000000A06560A9 UE4Editor-SlateRHIRenderer.dll!UnknownFunction []
[2018.02.14-17.40.12:993][129]LogWindows: Error: [Callstack] 0x00000000B96A4845 UE4Editor-Core.dll!UnknownFunction []
[2018.02.14-17.40.12:993][129]LogWindows: Error: [Callstack] 0x00000000B96A4E2A UE4Editor-Core.dll!UnknownFunction []
[2018.02.14-17.40.12:993][129]LogWindows: Error: [Callstack] 0x00000000E87F22C4 UE4Editor-RenderCore.dll!UnknownFunction []
[2018.02.14-17.40.12:993][129]LogWindows: Error: [Callstack] 0x00000000E87F32F6 UE4Editor-RenderCore.dll!UnknownFunction []
[2018.02.14-17.40.12:993][129]LogWindows: Error: [Callstack] 0x00000000B9A4092C UE4Editor-Core.dll!UnknownFunction []
[2018.02.14-17.40.12:993][129]LogWindows: Error: [Callstack] 0x00000000B9A32563 UE4Editor-Core.dll!UnknownFunction []
[2018.02.14-17.40.12:993][129]LogWindows: Error: [Callstack] 0x00000000013A1FE4 KERNEL32.DLL!UnknownFunction []
[2018.02.14-17.40.12:993][129]LogWindows: Error: [Callstack] 0x00000000037EEFB1 ntdll.dll!UnknownFunction []
[2018.02.14-17.40.12:993][129]LogWindows: Error: [Callstack] 0x00000000037EEFB1 ntdll.dll!UnknownFunction []
[2018.02.14-17.40.12:993][129]LogWindows: Error: 
[2018.02.14-17.40.12:993][129]LogWindows: Error: 
[2018.02.14-17.40.12:993][129]LogWindows: Error: 
[2018.02.14-17.40.12:993][129]LogWindows: Error: 
[2018.02.14-17.40.13:006][129]LogExit: Executing StaticShutdownAfterError
[2018.02.14-17.40.13:282][129]LogWindows: FPlatformMisc::RequestExit(1)
[2018.02.14-17.40.13:296][129]Log file closed, 02/14/18 12:40:13
